0:0:0:0:0:0:0:1 - - [21/Mar/2016:21:28:45 +0530] "POST /getEngData HTTP/1.1" 403 1480
0:0:0:0:0:0:0:1 - - [21/Mar/2016:21:28:45 +0530] "GET /css/bootstrap-theme.min.css HTTP/1.1" 200 23414
0:0:0:0:0:0:0:1 - - [21/Mar/2016:21:28:45 +0530] "GET /js/pagevalue.js HTTP/1.1" 200 921
0:0:0:0:0:0:0:1 - - [21/Mar/2016:21:28:45 +0530] "GET /js/jquery-1.12.1.min.js HTTP/1.1" 200 97408
0:0:0:0:0:0:0:1 - - [21/Mar/2016:21:28:45 +0530] "GET /js/bootstrap.min.js HTTP/1.1" 200 36874
0:0:0:0:0:0:0:1 - - [21/Mar/2016:21:28:46 +0530] "GET /css/bootstrap.min.css HTTP/1.1" 200 121265
0:0:0:0:0:0:0:1 - - [21/Mar/2016:21:28:46 +0530] "GET /css/style.css HTTP/1.1" 404 128
0:0:0:0:0:0:0:1 - - [21/Mar/2016:21:28:46 +0530] "GET /engineering HTTP/1.1" 200 7020
0:0:0:0:0:0:0:1 - - [21/Mar/2016:21:28:46 +0530] "GET /css/bootstrap-theme.min.css HTTP/1.1" 200 23414
0:0:0:0:0:0:0:1 - - [21/Mar/2016:21:28:46 +0530] "GET /js/bootstrap.min.js HTTP/1.1" 200 36874
0:0:0:0:0:0:0:1 - - [21/Mar/2016:21:28:46 +0530] "GET /css/bootstrap.min.css HTTP/1.1" 200 121265
0:0:0:0:0:0:0:1 - - [21/Mar/2016:21:28:46 +0530] "GET /js/jquery-1.12.1.min.js HTTP/1.1" 200 97408
0:0:0:0:0:0:0:1 - - [21/Mar/2016:21:28:46 +0530] "GET /js/pagevalue.js HTTP/1.1" 200 921
0:0:0:0:0:0:0:1 - - [21/Mar/2016:21:28:46 +0530] "GET /css/style.css HTTP/1.1" 404 128
0:0:0:0:0:0:0:1 - - [21/Mar/2016:21:28:52 +0530] "POST /getEngData HTTP/1.1" 200 9485
0:0:0:0:0:0:0:1 - - [21/Mar/2016:21:28:52 +0530] "GET /css/bootstrap.min.css HTTP/1.1" 200 121265
0:0:0:0:0:0:0:1 - - [21/Mar/2016:21:28:52 +0530] "GET /css/bootstrap-theme.min.css HTTP/1.1" 200 23414
0:0:0:0:0:0:0:1 - - [21/Mar/2016:21:28:52 +0530] "GET /js/jquery-1.12.1.min.js HTTP/1.1" 200 97408
0:0:0:0:0:0:0:1 - - [21/Mar/2016:21:28:52 +0530] "GET /js/pagevalue.js HTTP/1.1" 200 921
0:0:0:0:0:0:0:1 - - [21/Mar/2016:21:28:52 +0530] "GET /js/bootstrap.min.js HTTP/1.1" 200 36874
0:0:0:0:0:0:0:1 - - [21/Mar/2016:21:28:52 +0530] "GET /css/style.css HTTP/1.1" 404 128
0:0:0:0:0:0:0:1 - - [21/Mar/2016:21:28:57 +0530] "POST /getEngData HTTP/1.1" 200 9611
0:0:0:0:0:0:0:1 - - [21/Mar/2016:21:28:57 +0530] "GET /css/bootstrap-theme.min.css HTTP/1.1" 200 23414
0:0:0:0:0:0:0:1 - - [21/Mar/2016:21:28:57 +0530] "GET /css/bootstrap.min.css HTTP/1.1" 200 121265
0:0:0:0:0:0:0:1 - - [21/Mar/2016:21:28:57 +0530] "GET /js/jquery-1.12.1.min.js HTTP/1.1" 200 97408
0:0:0:0:0:0:0:1 - - [21/Mar/2016:21:28:57 +0530] "GET /css/style.css HTTP/1.1" 404 128
0:0:0:0:0:0:0:1 - - [21/Mar/2016:21:28:57 +0530] "GET /js/pagevalue.js HTTP/1.1" 200 921
0:0:0:0:0:0:0:1 - - [21/Mar/2016:21:28:57 +0530] "GET /js/bootstrap.min.js HTTP/1.1" 200 36874
0:0:0:0:0:0:0:1 - - [21/Mar/2016:21:29:01 +0530] "POST /getEngData HTTP/1.1" 200 9603
0:0:0:0:0:0:0:1 - - [21/Mar/2016:21:29:01 +0530] "GET /css/bootstrap-theme.min.css HTTP/1.1" 200 23414
0:0:0:0:0:0:0:1 - - [21/Mar/2016:21:29:01 +0530] "GET /css/bootstrap.min.css HTTP/1.1" 200 121265
0:0:0:0:0:0:0:1 - - [21/Mar/2016:21:29:01 +0530] "GET /js/jquery-1.12.1.min.js HTTP/1.1" 200 97408
0:0:0:0:0:0:0:1 - - [21/Mar/2016:21:29:01 +0530] "GET /css/style.css HTTP/1.1" 404 128
0:0:0:0:0:0:0:1 - - [21/Mar/2016:21:29:01 +0530] "GET /js/bootstrap.min.js HTTP/1.1" 200 36874
0:0:0:0:0:0:0:1 - - [21/Mar/2016:21:29:01 +0530] "GET /js/pagevalue.js HTTP/1.1" 200 921
0:0:0:0:0:0:0:1 - - [21/Mar/2016:21:29:03 +0530] "POST /getEngData HTTP/1.1" 200 9623
0:0:0:0:0:0:0:1 - - [21/Mar/2016:21:29:03 +0530] "GET /css/bootstrap-theme.min.css HTTP/1.1" 200 23414
0:0:0:0:0:0:0:1 - - [21/Mar/2016:21:29:03 +0530] "GET /css/bootstrap.min.css HTTP/1.1" 200 121265
0:0:0:0:0:0:0:1 - - [21/Mar/2016:21:29:03 +0530] "GET /js/jquery-1.12.1.min.js HTTP/1.1" 200 97408
0:0:0:0:0:0:0:1 - - [21/Mar/2016:21:29:03 +0530] "GET /js/bootstrap.min.js HTTP/1.1" 200 36874
0:0:0:0:0:0:0:1 - - [21/Mar/2016:21:29:03 +0530] "GET /js/pagevalue.js HTTP/1.1" 200 921
0:0:0:0:0:0:0:1 - - [21/Mar/2016:21:29:03 +0530] "GET /css/style.css HTTP/1.1" 404 128
0:0:0:0:0:0:0:1 - - [21/Mar/2016:21:29:04 +0530] "POST /getEngData HTTP/1.1" 200 9603
0:0:0:0:0:0:0:1 - - [21/Mar/2016:21:29:04 +0530] "GET /css/bootstrap-theme.min.css HTTP/1.1" 200 23414
0:0:0:0:0:0:0:1 - - [21/Mar/2016:21:29:04 +0530] "GET /css/bootstrap.min.css HTTP/1.1" 200 121265
0:0:0:0:0:0:0:1 - - [21/Mar/2016:21:29:04 +0530] "GET /js/pagevalue.js HTTP/1.1" 200 921
0:0:0:0:0:0:0:1 - - [21/Mar/2016:21:29:04 +0530] "GET /js/bootstrap.min.js HTTP/1.1" 200 36874
0:0:0:0:0:0:0:1 - - [21/Mar/2016:21:29:04 +0530] "GET /css/style.css HTTP/1.1" 404 128
0:0:0:0:0:0:0:1 - - [21/Mar/2016:21:29:04 +0530] "GET /js/jquery-1.12.1.min.js HTTP/1.1" 200 97408
0:0:0:0:0:0:0:1 - - [21/Mar/2016:21:29:05 +0530] "POST /getEngData HTTP/1.1" 200 9589
0:0:0:0:0:0:0:1 - - [21/Mar/2016:21:29:05 +0530] "GET /css/bootstrap-theme.min.css HTTP/1.1" 200 23414
0:0:0:0:0:0:0:1 - - [21/Mar/2016:21:29:05 +0530] "GET /css/bootstrap.min.css HTTP/1.1" 200 121265
0:0:0:0:0:0:0:1 - - [21/Mar/2016:21:29:05 +0530] "GET /js/bootstrap.min.js HTTP/1.1" 200 36874
0:0:0:0:0:0:0:1 - - [21/Mar/2016:21:29:05 +0530] "GET /js/jquery-1.12.1.min.js HTTP/1.1" 200 97408
0:0:0:0:0:0:0:1 - - [21/Mar/2016:21:29:05 +0530] "GET /js/pagevalue.js HTTP/1.1" 200 921
0:0:0:0:0:0:0:1 - - [21/Mar/2016:21:29:05 +0530] "GET /css/style.css HTTP/1.1" 404 128
0:0:0:0:0:0:0:1 - - [21/Mar/2016:21:29:06 +0530] "POST /getEngData HTTP/1.1" 200 9549
0:0:0:0:0:0:0:1 - - [21/Mar/2016:21:29:06 +0530] "GET /css/bootstrap-theme.min.css HTTP/1.1" 200 23414
0:0:0:0:0:0:0:1 - - [21/Mar/2016:21:29:06 +0530] "GET /css/bootstrap.min.css HTTP/1.1" 200 121265
0:0:0:0:0:0:0:1 - - [21/Mar/2016:21:29:06 +0530] "GET /js/jquery-1.12.1.min.js HTTP/1.1" 200 97408
0:0:0:0:0:0:0:1 - - [21/Mar/2016:21:29:06 +0530] "GET /js/pagevalue.js HTTP/1.1" 200 921
0:0:0:0:0:0:0:1 - - [21/Mar/2016:21:29:06 +0530] "GET /js/bootstrap.min.js HTTP/1.1" 200 36874
0:0:0:0:0:0:0:1 - - [21/Mar/2016:21:29:06 +0530] "GET /css/style.css HTTP/1.1" 404 128
0:0:0:0:0:0:0:1 - - [21/Mar/2016:21:29:11 +0530] "POST /getEngData HTTP/1.1" 200 9527
0:0:0:0:0:0:0:1 - - [21/Mar/2016:21:29:11 +0530] "GET /css/bootstrap-theme.min.css HTTP/1.1" 200 23414
0:0:0:0:0:0:0:1 - - [21/Mar/2016:21:29:11 +0530] "GET /css/bootstrap.min.css HTTP/1.1" 200 121265
0:0:0:0:0:0:0:1 - - [21/Mar/2016:21:29:11 +0530] "GET /js/bootstrap.min.js HTTP/1.1" 200 36874
0:0:0:0:0:0:0:1 - - [21/Mar/2016:21:29:11 +0530] "GET /js/pagevalue.js HTTP/1.1" 200 921
0:0:0:0:0:0:0:1 - - [21/Mar/2016:21:29:11 +0530] "GET /js/jquery-1.12.1.min.js HTTP/1.1" 200 97408
0:0:0:0:0:0:0:1 - - [21/Mar/2016:21:29:11 +0530] "GET /css/style.css HTTP/1.1" 404 128
0:0:0:0:0:0:0:1 - - [21/Mar/2016:21:29:27 +0530] "POST /getEngData HTTP/1.1" 200 9575
0:0:0:0:0:0:0:1 - - [21/Mar/2016:21:29:27 +0530] "GET /css/bootstrap-theme.min.css HTTP/1.1" 200 23414
0:0:0:0:0:0:0:1 - - [21/Mar/2016:21:29:27 +0530] "GET /css/bootstrap.min.css HTTP/1.1" 200 121265
0:0:0:0:0:0:0:1 - - [21/Mar/2016:21:29:27 +0530] "GET /css/style.css HTTP/1.1" 404 128
0:0:0:0:0:0:0:1 - - [21/Mar/2016:21:29:27 +0530] "GET /js/jquery-1.12.1.min.js HTTP/1.1" 200 97408
0:0:0:0:0:0:0:1 - - [21/Mar/2016:21:29:27 +0530] "GET /js/bootstrap.min.js HTTP/1.1" 200 36874
0:0:0:0:0:0:0:1 - - [21/Mar/2016:21:29:27 +0530] "GET /js/pagevalue.js HTTP/1.1" 200 921
0:0:0:0:0:0:0:1 - - [21/Mar/2016:21:29:28 +0530] "POST /getEngData HTTP/1.1" 200 9567
0:0:0:0:0:0:0:1 - - [21/Mar/2016:21:29:28 +0530] "GET /css/bootstrap-theme.min.css HTTP/1.1" 200 23414
0:0:0:0:0:0:0:1 - - [21/Mar/2016:21:29:28 +0530] "GET /css/bootstrap.min.css HTTP/1.1" 200 121265
0:0:0:0:0:0:0:1 - - [21/Mar/2016:21:29:28 +0530] "GET /js/jquery-1.12.1.min.js HTTP/1.1" 200 97408
0:0:0:0:0:0:0:1 - - [21/Mar/2016:21:29:28 +0530] "GET /js/bootstrap.min.js HTTP/1.1" 200 36874
0:0:0:0:0:0:0:1 - - [21/Mar/2016:21:29:28 +0530] "GET /js/pagevalue.js HTTP/1.1" 200 921
0:0:0:0:0:0:0:1 - - [21/Mar/2016:21:29:28 +0530] "GET /css/style.css HTTP/1.1" 404 128
0:0:0:0:0:0:0:1 - - [21/Mar/2016:21:29:28 +0530] "POST /getEngData HTTP/1.1" 200 7085
0:0:0:0:0:0:0:1 - - [21/Mar/2016:21:29:29 +0530] "GET /css/bootstrap-theme.min.css HTTP/1.1" 200 23414
0:0:0:0:0:0:0:1 - - [21/Mar/2016:21:29:29 +0530] "GET /css/bootstrap.min.css HTTP/1.1" 200 121265
0:0:0:0:0:0:0:1 - - [21/Mar/2016:21:29:29 +0530] "GET /js/jquery-1.12.1.min.js HTTP/1.1" 200 97408
0:0:0:0:0:0:0:1 - - [21/Mar/2016:21:29:29 +0530] "GET /js/pagevalue.js HTTP/1.1" 200 921
0:0:0:0:0:0:0:1 - - [21/Mar/2016:21:29:29 +0530] "GET /js/bootstrap.min.js HTTP/1.1" 200 36874
0:0:0:0:0:0:0:1 - - [21/Mar/2016:21:29:29 +0530] "GET /css/style.css HTTP/1.1" 404 128
0:0:0:0:0:0:0:1 - - [21/Mar/2016:21:30:48 +0530] "POST /getEngData HTTP/1.1" 200 9493
0:0:0:0:0:0:0:1 - - [21/Mar/2016:21:30:48 +0530] "GET /css/bootstrap-theme.min.css HTTP/1.1" 200 23414
0:0:0:0:0:0:0:1 - - [21/Mar/2016:21:30:48 +0530] "GET /js/bootstrap.min.js HTTP/1.1" 200 36874
0:0:0:0:0:0:0:1 - - [21/Mar/2016:21:30:48 +0530] "GET /css/bootstrap.min.css HTTP/1.1" 200 121265
0:0:0:0:0:0:0:1 - - [21/Mar/2016:21:30:48 +0530] "GET /js/jquery-1.12.1.min.js HTTP/1.1" 200 97408
0:0:0:0:0:0:0:1 - - [21/Mar/2016:21:30:48 +0530] "GET /js/pagevalue.js HTTP/1.1" 200 921
0:0:0:0:0:0:0:1 - - [21/Mar/2016:21:30:48 +0530] "GET /css/style.css HTTP/1.1" 404 128
0:0:0:0:0:0:0:1 - - [21/Mar/2016:21:30:51 +0530] "POST /getEngData HTTP/1.1" 200 9625
0:0:0:0:0:0:0:1 - - [21/Mar/2016:21:30:51 +0530] "GET /css/bootstrap-theme.min.css HTTP/1.1" 200 23414
0:0:0:0:0:0:0:1 - - [21/Mar/2016:21:30:51 +0530] "GET /css/bootstrap.min.css HTTP/1.1" 200 121265
0:0:0:0:0:0:0:1 - - [21/Mar/2016:21:30:51 +0530] "GET /js/pagevalue.js HTTP/1.1" 200 921
0:0:0:0:0:0:0:1 - - [21/Mar/2016:21:30:51 +0530] "GET /js/bootstrap.min.js HTTP/1.1" 200 36874
0:0:0:0:0:0:0:1 - - [21/Mar/2016:21:30:51 +0530] "GET /js/jquery-1.12.1.min.js HTTP/1.1" 200 97408
0:0:0:0:0:0:0:1 - - [21/Mar/2016:21:30:51 +0530] "GET /css/style.css HTTP/1.1" 404 128
0:0:0:0:0:0:0:1 - - [21/Mar/2016:21:30:54 +0530] "POST /getEngData HTTP/1.1" 200 9629
0:0:0:0:0:0:0:1 - - [21/Mar/2016:21:30:54 +0530] "GET /css/style.css HTTP/1.1" 404 128
0:0:0:0:0:0:0:1 - - [21/Mar/2016:21:30:54 +0530] "GET /css/bootstrap-theme.min.css HTTP/1.1" 200 23414
0:0:0:0:0:0:0:1 - - [21/Mar/2016:21:30:54 +0530] "GET /js/jquery-1.12.1.min.js HTTP/1.1" 200 97408
0:0:0:0:0:0:0:1 - - [21/Mar/2016:21:30:54 +0530] "GET /css/bootstrap.min.css HTTP/1.1" 200 121265
0:0:0:0:0:0:0:1 - - [21/Mar/2016:21:30:54 +0530] "GET /js/pagevalue.js HTTP/1.1" 200 921
0:0:0:0:0:0:0:1 - - [21/Mar/2016:21:30:54 +0530] "GET /js/bootstrap.min.js HTTP/1.1" 200 36874
0:0:0:0:0:0:0:1 - - [21/Mar/2016:21:30:56 +0530] "POST /getEngData HTTP/1.1" 200 9583
0:0:0:0:0:0:0:1 - - [21/Mar/2016:21:30:56 +0530] "GET /css/bootstrap-theme.min.css HTTP/1.1" 200 23414
0:0:0:0:0:0:0:1 - - [21/Mar/2016:21:30:56 +0530] "GET /js/jquery-1.12.1.min.js HTTP/1.1" 200 97408
0:0:0:0:0:0:0:1 - - [21/Mar/2016:21:30:56 +0530] "GET /css/bootstrap.min.css HTTP/1.1" 200 121265
0:0:0:0:0:0:0:1 - - [21/Mar/2016:21:30:56 +0530] "GET /js/pagevalue.js HTTP/1.1" 200 921
0:0:0:0:0:0:0:1 - - [21/Mar/2016:21:30:56 +0530] "GET /js/bootstrap.min.js HTTP/1.1" 200 36874
0:0:0:0:0:0:0:1 - - [21/Mar/2016:21:30:56 +0530] "GET /css/style.css HTTP/1.1" 404 128
0:0:0:0:0:0:0:1 - - [21/Mar/2016:21:30:58 +0530] "POST /getEngData HTTP/1.1" 200 9657
0:0:0:0:0:0:0:1 - - [21/Mar/2016:21:30:58 +0530] "GET /css/bootstrap-theme.min.css HTTP/1.1" 200 23414
0:0:0:0:0:0:0:1 - - [21/Mar/2016:21:30:58 +0530] "GET /css/bootstrap.min.css HTTP/1.1" 200 121265
0:0:0:0:0:0:0:1 - - [21/Mar/2016:21:30:58 +0530] "GET /js/pagevalue.js HTTP/1.1" 200 921
0:0:0:0:0:0:0:1 - - [21/Mar/2016:21:30:58 +0530] "GET /js/jquery-1.12.1.min.js HTTP/1.1" 200 97408
0:0:0:0:0:0:0:1 - - [21/Mar/2016:21:30:58 +0530] "GET /js/bootstrap.min.js HTTP/1.1" 200 36874
0:0:0:0:0:0:0:1 - - [21/Mar/2016:21:30:58 +0530] "GET /css/style.css HTTP/1.1" 404 128
0:0:0:0:0:0:0:1 - - [21/Mar/2016:21:31:00 +0530] "POST /getEngData HTTP/1.1" 200 9587
0:0:0:0:0:0:0:1 - - [21/Mar/2016:21:31:00 +0530] "GET /css/bootstrap-theme.min.css HTTP/1.1" 200 23414
0:0:0:0:0:0:0:1 - - [21/Mar/2016:21:31:00 +0530] "GET /css/bootstrap.min.css HTTP/1.1" 200 121265
0:0:0:0:0:0:0:1 - - [21/Mar/2016:21:31:00 +0530] "GET /js/bootstrap.min.js HTTP/1.1" 200 36874
0:0:0:0:0:0:0:1 - - [21/Mar/2016:21:31:00 +0530] "GET /js/pagevalue.js HTTP/1.1" 200 921
0:0:0:0:0:0:0:1 - - [21/Mar/2016:21:31:00 +0530] "GET /js/jquery-1.12.1.min.js HTTP/1.1" 200 97408
0:0:0:0:0:0:0:1 - - [21/Mar/2016:21:31:00 +0530] "GET /css/style.css HTTP/1.1" 404 128
0:0:0:0:0:0:0:1 - - [21/Mar/2016:21:31:01 +0530] "POST /getEngData HTTP/1.1" 200 8328
0:0:0:0:0:0:0:1 - - [21/Mar/2016:21:31:01 +0530] "GET /css/bootstrap-theme.min.css HTTP/1.1" 200 23414
0:0:0:0:0:0:0:1 - - [21/Mar/2016:21:31:01 +0530] "GET /js/jquery-1.12.1.min.js HTTP/1.1" 200 97408
0:0:0:0:0:0:0:1 - - [21/Mar/2016:21:31:01 +0530] "GET /css/bootstrap.min.css HTTP/1.1" 200 121265
0:0:0:0:0:0:0:1 - - [21/Mar/2016:21:31:01 +0530] "GET /css/style.css HTTP/1.1" 404 128
0:0:0:0:0:0:0:1 - - [21/Mar/2016:21:31:01 +0530] "GET /js/bootstrap.min.js HTTP/1.1" 200 36874
0:0:0:0:0:0:0:1 - - [21/Mar/2016:21:31:01 +0530] "GET /js/pagevalue.js HTTP/1.1" 200 921
0:0:0:0:0:0:0:1 - - [21/Mar/2016:21:31:11 +0530] "POST /getEngData HTTP/1.1" 200 9587
0:0:0:0:0:0:0:1 - - [21/Mar/2016:21:31:11 +0530] "GET /css/bootstrap-theme.min.css HTTP/1.1" 200 23414
0:0:0:0:0:0:0:1 - - [21/Mar/2016:21:31:11 +0530] "GET /js/bootstrap.min.js HTTP/1.1" 200 36874
0:0:0:0:0:0:0:1 - - [21/Mar/2016:21:31:11 +0530] "GET /css/bootstrap.min.css HTTP/1.1" 200 121265
0:0:0:0:0:0:0:1 - - [21/Mar/2016:21:31:11 +0530] "GET /js/jquery-1.12.1.min.js HTTP/1.1" 200 97408
0:0:0:0:0:0:0:1 - - [21/Mar/2016:21:31:11 +0530] "GET /js/pagevalue.js HTTP/1.1" 200 921
0:0:0:0:0:0:0:1 - - [21/Mar/2016:21:31:11 +0530] "GET /css/style.css HTTP/1.1" 404 128
0:0:0:0:0:0:0:1 - - [21/Mar/2016:21:31:11 +0530] "POST /getEngData HTTP/1.1" 200 9657
0:0:0:0:0:0:0:1 - - [21/Mar/2016:21:31:11 +0530] "GET /css/bootstrap-theme.min.css HTTP/1.1" 200 23414
0:0:0:0:0:0:0:1 - - [21/Mar/2016:21:31:11 +0530] "GET /css/bootstrap.min.css HTTP/1.1" 200 121265
0:0:0:0:0:0:0:1 - - [21/Mar/2016:21:31:11 +0530] "GET /js/jquery-1.12.1.min.js HTTP/1.1" 200 97408
0:0:0:0:0:0:0:1 - - [21/Mar/2016:21:31:11 +0530] "GET /js/bootstrap.min.js HTTP/1.1" 200 36874
0:0:0:0:0:0:0:1 - - [21/Mar/2016:21:31:11 +0530] "GET /js/pagevalue.js HTTP/1.1" 200 921
0:0:0:0:0:0:0:1 - - [21/Mar/2016:21:31:11 +0530] "GET /css/style.css HTTP/1.1" 404 128
0:0:0:0:0:0:0:1 - - [21/Mar/2016:21:31:12 +0530] "POST /getEngData HTTP/1.1" 200 9583
0:0:0:0:0:0:0:1 - - [21/Mar/2016:21:31:12 +0530] "GET /css/bootstrap-theme.min.css HTTP/1.1" 200 23414
0:0:0:0:0:0:0:1 - - [21/Mar/2016:21:31:12 +0530] "GET /css/bootstrap.min.css HTTP/1.1" 200 121265
0:0:0:0:0:0:0:1 - - [21/Mar/2016:21:31:12 +0530] "GET /js/jquery-1.12.1.min.js HTTP/1.1" 200 97408
0:0:0:0:0:0:0:1 - - [21/Mar/2016:21:31:12 +0530] "GET /js/bootstrap.min.js HTTP/1.1" 200 36874
0:0:0:0:0:0:0:1 - - [21/Mar/2016:21:31:12 +0530] "GET /js/pagevalue.js HTTP/1.1" 200 921
0:0:0:0:0:0:0:1 - - [21/Mar/2016:21:31:12 +0530] "GET /css/style.css HTTP/1.1" 404 128
0:0:0:0:0:0:0:1 - - [21/Mar/2016:21:31:12 +0530] "POST /getEngData HTTP/1.1" 200 9629
0:0:0:0:0:0:0:1 - - [21/Mar/2016:21:31:12 +0530] "GET /css/bootstrap-theme.min.css HTTP/1.1" 200 23414
0:0:0:0:0:0:0:1 - - [21/Mar/2016:21:31:12 +0530] "GET /css/bootstrap.min.css HTTP/1.1" 200 121265
0:0:0:0:0:0:0:1 - - [21/Mar/2016:21:31:12 +0530] "GET /js/bootstrap.min.js HTTP/1.1" 200 36874
0:0:0:0:0:0:0:1 - - [21/Mar/2016:21:31:12 +0530] "GET /js/jquery-1.12.1.min.js HTTP/1.1" 200 97408
0:0:0:0:0:0:0:1 - - [21/Mar/2016:21:31:12 +0530] "GET /js/pagevalue.js HTTP/1.1" 200 921
0:0:0:0:0:0:0:1 - - [21/Mar/2016:21:31:12 +0530] "GET /css/style.css HTTP/1.1" 404 128
0:0:0:0:0:0:0:1 - - [21/Mar/2016:21:31:12 +0530] "POST /getEngData HTTP/1.1" 200 9625
0:0:0:0:0:0:0:1 - - [21/Mar/2016:21:31:12 +0530] "GET /css/bootstrap-theme.min.css HTTP/1.1" 200 23414
0:0:0:0:0:0:0:1 - - [21/Mar/2016:21:31:12 +0530] "GET /css/bootstrap.min.css HTTP/1.1" 200 121265
0:0:0:0:0:0:0:1 - - [21/Mar/2016:21:31:12 +0530] "GET /js/jquery-1.12.1.min.js HTTP/1.1" 200 97408
0:0:0:0:0:0:0:1 - - [21/Mar/2016:21:31:12 +0530] "GET /js/pagevalue.js HTTP/1.1" 200 921
0:0:0:0:0:0:0:1 - - [21/Mar/2016:21:31:12 +0530] "GET /js/bootstrap.min.js HTTP/1.1" 200 36874
0:0:0:0:0:0:0:1 - - [21/Mar/2016:21:31:12 +0530] "GET /css/style.css HTTP/1.1" 404 128
0:0:0:0:0:0:0:1 - - [21/Mar/2016:21:31:13 +0530] "POST /getEngData HTTP/1.1" 200 9493
0:0:0:0:0:0:0:1 - - [21/Mar/2016:21:31:13 +0530] "GET /css/bootstrap-theme.min.css HTTP/1.1" 200 23414
0:0:0:0:0:0:0:1 - - [21/Mar/2016:21:31:13 +0530] "GET /js/jquery-1.12.1.min.js HTTP/1.1" 200 97408
0:0:0:0:0:0:0:1 - - [21/Mar/2016:21:31:13 +0530] "GET /css/bootstrap.min.css HTTP/1.1" 200 121265
0:0:0:0:0:0:0:1 - - [21/Mar/2016:21:31:13 +0530] "GET /js/bootstrap.min.js HTTP/1.1" 200 36874
0:0:0:0:0:0:0:1 - - [21/Mar/2016:21:31:13 +0530] "GET /js/pagevalue.js HTTP/1.1" 200 921
0:0:0:0:0:0:0:1 - - [21/Mar/2016:21:31:13 +0530] "GET /css/style.css HTTP/1.1" 404 128
