0:0:0:0:0:0:0:1 - - [20/Mar/2016:07:14:25 +0530] "GET / HTTP/1.1" 200 4457
0:0:0:0:0:0:0:1 - - [20/Mar/2016:07:14:26 +0530] "GET /css/bootstrap-theme.min.css HTTP/1.1" 200 23414
0:0:0:0:0:0:0:1 - - [20/Mar/2016:07:14:26 +0530] "GET /js/bootstrap.min.js HTTP/1.1" 200 36874
0:0:0:0:0:0:0:1 - - [20/Mar/2016:07:14:26 +0530] "GET /css/bootstrap.min.css HTTP/1.1" 200 121265
0:0:0:0:0:0:0:1 - - [20/Mar/2016:07:14:26 +0530] "GET /js/pagevalue.js HTTP/1.1" 200 921
0:0:0:0:0:0:0:1 - - [20/Mar/2016:07:14:26 +0530] "GET /js/jquery-1.12.1.min.js HTTP/1.1" 200 97408
0:0:0:0:0:0:0:1 - - [20/Mar/2016:07:14:26 +0530] "GET /map.png HTTP/1.1" 200 145368
0:0:0:0:0:0:0:1 - - [20/Mar/2016:07:14:26 +0530] "GET /css/style.css HTTP/1.1" 404 128
0:0:0:0:0:0:0:1 - - [20/Mar/2016:07:14:28 +0530] "GET /engineering HTTP/1.1" 200 7020
0:0:0:0:0:0:0:1 - - [20/Mar/2016:07:14:28 +0530] "GET /css/bootstrap.min.css HTTP/1.1" 200 121265
0:0:0:0:0:0:0:1 - - [20/Mar/2016:07:14:28 +0530] "GET /css/bootstrap-theme.min.css HTTP/1.1" 200 23414
0:0:0:0:0:0:0:1 - - [20/Mar/2016:07:14:28 +0530] "GET /js/jquery-1.12.1.min.js HTTP/1.1" 200 97408
0:0:0:0:0:0:0:1 - - [20/Mar/2016:07:14:28 +0530] "GET /js/bootstrap.min.js HTTP/1.1" 200 36874
0:0:0:0:0:0:0:1 - - [20/Mar/2016:07:14:28 +0530] "GET /css/style.css HTTP/1.1" 404 128
0:0:0:0:0:0:0:1 - - [20/Mar/2016:07:14:28 +0530] "GET /js/pagevalue.js HTTP/1.1" 200 921
0:0:0:0:0:0:0:1 - - [20/Mar/2016:07:14:37 +0530] "POST /getEngData HTTP/1.1" 200 9262
0:0:0:0:0:0:0:1 - - [20/Mar/2016:07:14:37 +0530] "GET /css/bootstrap.min.css HTTP/1.1" 200 121265
0:0:0:0:0:0:0:1 - - [20/Mar/2016:07:14:37 +0530] "GET /js/jquery-1.12.1.min.js HTTP/1.1" 200 97408
0:0:0:0:0:0:0:1 - - [20/Mar/2016:07:14:37 +0530] "GET /css/bootstrap-theme.min.css HTTP/1.1" 200 23414
0:0:0:0:0:0:0:1 - - [20/Mar/2016:07:14:37 +0530] "GET /js/pagevalue.js HTTP/1.1" 200 921
0:0:0:0:0:0:0:1 - - [20/Mar/2016:07:14:37 +0530] "GET /js/bootstrap.min.js HTTP/1.1" 200 36874
0:0:0:0:0:0:0:1 - - [20/Mar/2016:07:14:37 +0530] "GET /css/style.css HTTP/1.1" 404 128
0:0:0:0:0:0:0:1 - - [20/Mar/2016:07:14:56 +0530] "POST /getEngUserData HTTP/1.1" 200 21697
0:0:0:0:0:0:0:1 - - [20/Mar/2016:07:35:49 +0530] "POST /getEngData HTTP/1.1" 200 9461
0:0:0:0:0:0:0:1 - - [20/Mar/2016:07:35:49 +0530] "GET /css/style.css HTTP/1.1" 404 128
0:0:0:0:0:0:0:1 - - [20/Mar/2016:07:35:49 +0530] "GET /js/pagevalue.js HTTP/1.1" 200 921
0:0:0:0:0:0:0:1 - - [20/Mar/2016:07:35:50 +0530] "GET /css/bootstrap-theme.min.css HTTP/1.1" 200 23414
0:0:0:0:0:0:0:1 - - [20/Mar/2016:07:35:50 +0530] "GET /js/bootstrap.min.js HTTP/1.1" 200 36874
0:0:0:0:0:0:0:1 - - [20/Mar/2016:07:35:50 +0530] "GET /css/bootstrap.min.css HTTP/1.1" 200 121265
0:0:0:0:0:0:0:1 - - [20/Mar/2016:07:35:50 +0530] "GET /js/jquery-1.12.1.min.js HTTP/1.1" 200 97408
0:0:0:0:0:0:0:1 - - [20/Mar/2016:07:35:57 +0530] "POST /getEngData HTTP/1.1" 200 9615
0:0:0:0:0:0:0:1 - - [20/Mar/2016:07:35:57 +0530] "GET /js/jquery-1.12.1.min.js HTTP/1.1" 200 97408
0:0:0:0:0:0:0:1 - - [20/Mar/2016:07:35:57 +0530] "GET /js/pagevalue.js HTTP/1.1" 200 921
0:0:0:0:0:0:0:1 - - [20/Mar/2016:07:35:57 +0530] "GET /css/bootstrap.min.css HTTP/1.1" 200 121265
0:0:0:0:0:0:0:1 - - [20/Mar/2016:07:35:57 +0530] "GET /js/bootstrap.min.js HTTP/1.1" 200 36874
0:0:0:0:0:0:0:1 - - [20/Mar/2016:07:35:57 +0530] "GET /css/bootstrap-theme.min.css HTTP/1.1" 200 23414
0:0:0:0:0:0:0:1 - - [20/Mar/2016:07:35:57 +0530] "GET /css/style.css HTTP/1.1" 404 128
0:0:0:0:0:0:0:1 - - [20/Mar/2016:07:35:58 +0530] "POST /getEngData HTTP/1.1" 200 9641
0:0:0:0:0:0:0:1 - - [20/Mar/2016:07:35:59 +0530] "GET /css/bootstrap-theme.min.css HTTP/1.1" 200 23414
0:0:0:0:0:0:0:1 - - [20/Mar/2016:07:35:59 +0530] "GET /js/jquery-1.12.1.min.js HTTP/1.1" 200 97408
0:0:0:0:0:0:0:1 - - [20/Mar/2016:07:35:59 +0530] "GET /css/bootstrap.min.css HTTP/1.1" 200 121265
0:0:0:0:0:0:0:1 - - [20/Mar/2016:07:35:59 +0530] "GET /css/style.css HTTP/1.1" 404 128
0:0:0:0:0:0:0:1 - - [20/Mar/2016:07:35:59 +0530] "GET /js/bootstrap.min.js HTTP/1.1" 200 36874
0:0:0:0:0:0:0:1 - - [20/Mar/2016:07:35:59 +0530] "GET /js/pagevalue.js HTTP/1.1" 200 921
0:0:0:0:0:0:0:1 - - [20/Mar/2016:07:36:00 +0530] "POST /getEngData HTTP/1.1" 200 9601
0:0:0:0:0:0:0:1 - - [20/Mar/2016:07:36:00 +0530] "GET /css/style.css HTTP/1.1" 404 128
0:0:0:0:0:0:0:1 - - [20/Mar/2016:07:36:00 +0530] "GET /css/bootstrap-theme.min.css HTTP/1.1" 200 23414
0:0:0:0:0:0:0:1 - - [20/Mar/2016:07:36:00 +0530] "GET /css/bootstrap.min.css HTTP/1.1" 200 121265
0:0:0:0:0:0:0:1 - - [20/Mar/2016:07:36:00 +0530] "GET /js/jquery-1.12.1.min.js HTTP/1.1" 200 97408
0:0:0:0:0:0:0:1 - - [20/Mar/2016:07:36:00 +0530] "GET /js/pagevalue.js HTTP/1.1" 200 921
0:0:0:0:0:0:0:1 - - [20/Mar/2016:07:36:00 +0530] "GET /js/bootstrap.min.js HTTP/1.1" 200 36874
0:0:0:0:0:0:0:1 - - [20/Mar/2016:07:36:02 +0530] "POST /getEngData HTTP/1.1" 200 9636
0:0:0:0:0:0:0:1 - - [20/Mar/2016:07:36:02 +0530] "GET /css/bootstrap-theme.min.css HTTP/1.1" 200 23414
0:0:0:0:0:0:0:1 - - [20/Mar/2016:07:36:02 +0530] "GET /css/bootstrap.min.css HTTP/1.1" 200 121265
0:0:0:0:0:0:0:1 - - [20/Mar/2016:07:36:02 +0530] "GET /css/style.css HTTP/1.1" 404 128
0:0:0:0:0:0:0:1 - - [20/Mar/2016:07:36:02 +0530] "GET /js/jquery-1.12.1.min.js HTTP/1.1" 200 97408
0:0:0:0:0:0:0:1 - - [20/Mar/2016:07:36:02 +0530] "GET /js/bootstrap.min.js HTTP/1.1" 200 36874
0:0:0:0:0:0:0:1 - - [20/Mar/2016:07:36:02 +0530] "GET /js/pagevalue.js HTTP/1.1" 200 921
0:0:0:0:0:0:0:1 - - [20/Mar/2016:07:36:03 +0530] "POST /getEngData HTTP/1.1" 200 9568
0:0:0:0:0:0:0:1 - - [20/Mar/2016:07:36:03 +0530] "GET /css/bootstrap-theme.min.css HTTP/1.1" 200 23414
0:0:0:0:0:0:0:1 - - [20/Mar/2016:07:36:03 +0530] "GET /css/bootstrap.min.css HTTP/1.1" 200 121265
0:0:0:0:0:0:0:1 - - [20/Mar/2016:07:36:03 +0530] "GET /js/jquery-1.12.1.min.js HTTP/1.1" 200 97408
0:0:0:0:0:0:0:1 - - [20/Mar/2016:07:36:03 +0530] "GET /css/style.css HTTP/1.1" 404 128
0:0:0:0:0:0:0:1 - - [20/Mar/2016:07:36:03 +0530] "GET /js/bootstrap.min.js HTTP/1.1" 200 36874
0:0:0:0:0:0:0:1 - - [20/Mar/2016:07:36:03 +0530] "GET /js/pagevalue.js HTTP/1.1" 200 921
0:0:0:0:0:0:0:1 - - [20/Mar/2016:07:37:57 +0530] "POST /getEngData HTTP/1.1" 500 1480
0:0:0:0:0:0:0:1 - - [20/Mar/2016:07:37:57 +0530] "GET /css/bootstrap-theme.min.css HTTP/1.1" 200 23414
0:0:0:0:0:0:0:1 - - [20/Mar/2016:07:37:57 +0530] "GET /js/bootstrap.min.js HTTP/1.1" 200 36874
0:0:0:0:0:0:0:1 - - [20/Mar/2016:07:37:57 +0530] "GET /js/pagevalue.js HTTP/1.1" 200 921
0:0:0:0:0:0:0:1 - - [20/Mar/2016:07:37:57 +0530] "GET /css/bootstrap.min.css HTTP/1.1" 200 121265
0:0:0:0:0:0:0:1 - - [20/Mar/2016:07:37:57 +0530] "GET /js/jquery-1.12.1.min.js HTTP/1.1" 200 97408
0:0:0:0:0:0:0:1 - - [20/Mar/2016:07:37:57 +0530] "GET /css/style.css HTTP/1.1" 404 128
0:0:0:0:0:0:0:1 - - [20/Mar/2016:07:38:10 +0530] "GET /engineering HTTP/1.1" 200 7020
0:0:0:0:0:0:0:1 - - [20/Mar/2016:07:38:10 +0530] "GET /css/bootstrap.min.css HTTP/1.1" 200 121265
0:0:0:0:0:0:0:1 - - [20/Mar/2016:07:38:10 +0530] "GET /css/bootstrap-theme.min.css HTTP/1.1" 200 23414
0:0:0:0:0:0:0:1 - - [20/Mar/2016:07:38:10 +0530] "GET /js/bootstrap.min.js HTTP/1.1" 200 36874
0:0:0:0:0:0:0:1 - - [20/Mar/2016:07:38:10 +0530] "GET /css/style.css HTTP/1.1" 404 128
0:0:0:0:0:0:0:1 - - [20/Mar/2016:07:38:10 +0530] "GET /js/jquery-1.12.1.min.js HTTP/1.1" 200 97408
0:0:0:0:0:0:0:1 - - [20/Mar/2016:07:38:10 +0530] "GET /js/pagevalue.js HTTP/1.1" 200 921
0:0:0:0:0:0:0:1 - - [20/Mar/2016:07:38:17 +0530] "POST /getEngData HTTP/1.1" 500 1480
0:0:0:0:0:0:0:1 - - [20/Mar/2016:07:38:17 +0530] "GET /css/style.css HTTP/1.1" 404 128
0:0:0:0:0:0:0:1 - - [20/Mar/2016:07:38:17 +0530] "GET /css/bootstrap-theme.min.css HTTP/1.1" 200 23414
0:0:0:0:0:0:0:1 - - [20/Mar/2016:07:38:17 +0530] "GET /js/jquery-1.12.1.min.js HTTP/1.1" 200 97408
0:0:0:0:0:0:0:1 - - [20/Mar/2016:07:38:17 +0530] "GET /js/pagevalue.js HTTP/1.1" 200 921
0:0:0:0:0:0:0:1 - - [20/Mar/2016:07:38:17 +0530] "GET /js/bootstrap.min.js HTTP/1.1" 200 36874
0:0:0:0:0:0:0:1 - - [20/Mar/2016:07:38:17 +0530] "GET /css/bootstrap.min.css HTTP/1.1" 200 121265
0:0:0:0:0:0:0:1 - - [20/Mar/2016:07:38:50 +0530] "GET /engineering HTTP/1.1" 200 7020
0:0:0:0:0:0:0:1 - - [20/Mar/2016:07:38:50 +0530] "GET /js/pagevalue.js HTTP/1.1" 200 921
0:0:0:0:0:0:0:1 - - [20/Mar/2016:07:38:50 +0530] "GET /css/bootstrap-theme.min.css HTTP/1.1" 200 23414
0:0:0:0:0:0:0:1 - - [20/Mar/2016:07:38:50 +0530] "GET /js/jquery-1.12.1.min.js HTTP/1.1" 200 97408
0:0:0:0:0:0:0:1 - - [20/Mar/2016:07:38:50 +0530] "GET /css/bootstrap.min.css HTTP/1.1" 200 121265
0:0:0:0:0:0:0:1 - - [20/Mar/2016:07:38:50 +0530] "GET /js/bootstrap.min.js HTTP/1.1" 200 36874
0:0:0:0:0:0:0:1 - - [20/Mar/2016:07:38:50 +0530] "GET /css/style.css HTTP/1.1" 404 128
0:0:0:0:0:0:0:1 - - [20/Mar/2016:07:38:56 +0530] "POST /getEngData HTTP/1.1" 500 1480
0:0:0:0:0:0:0:1 - - [20/Mar/2016:07:38:56 +0530] "GET /css/bootstrap.min.css HTTP/1.1" 200 121265
0:0:0:0:0:0:0:1 - - [20/Mar/2016:07:38:56 +0530] "GET /js/jquery-1.12.1.min.js HTTP/1.1" 200 97408
0:0:0:0:0:0:0:1 - - [20/Mar/2016:07:38:56 +0530] "GET /css/bootstrap-theme.min.css HTTP/1.1" 200 23414
0:0:0:0:0:0:0:1 - - [20/Mar/2016:07:38:56 +0530] "GET /css/style.css HTTP/1.1" 404 128
0:0:0:0:0:0:0:1 - - [20/Mar/2016:07:38:56 +0530] "GET /js/bootstrap.min.js HTTP/1.1" 200 36874
0:0:0:0:0:0:0:1 - - [20/Mar/2016:07:38:56 +0530] "GET /js/pagevalue.js HTTP/1.1" 200 921
0:0:0:0:0:0:0:1 - - [20/Mar/2016:07:40:04 +0530] "GET /engineering HTTP/1.1" 200 7020
0:0:0:0:0:0:0:1 - - [20/Mar/2016:07:40:04 +0530] "GET /js/bootstrap.min.js HTTP/1.1" 200 36874
0:0:0:0:0:0:0:1 - - [20/Mar/2016:07:40:04 +0530] "GET /css/bootstrap.min.css HTTP/1.1" 200 121265
0:0:0:0:0:0:0:1 - - [20/Mar/2016:07:40:04 +0530] "GET /css/bootstrap-theme.min.css HTTP/1.1" 200 23414
0:0:0:0:0:0:0:1 - - [20/Mar/2016:07:40:04 +0530] "GET /js/pagevalue.js HTTP/1.1" 200 921
0:0:0:0:0:0:0:1 - - [20/Mar/2016:07:40:04 +0530] "GET /js/jquery-1.12.1.min.js HTTP/1.1" 200 97408
0:0:0:0:0:0:0:1 - - [20/Mar/2016:07:40:04 +0530] "GET /css/style.css HTTP/1.1" 404 128
0:0:0:0:0:0:0:1 - - [20/Mar/2016:07:40:11 +0530] "POST /getEngData HTTP/1.1" 200 9461
0:0:0:0:0:0:0:1 - - [20/Mar/2016:07:40:11 +0530] "GET /css/bootstrap.min.css HTTP/1.1" 200 121265
0:0:0:0:0:0:0:1 - - [20/Mar/2016:07:40:11 +0530] "GET /js/bootstrap.min.js HTTP/1.1" 200 36874
0:0:0:0:0:0:0:1 - - [20/Mar/2016:07:40:11 +0530] "GET /js/jquery-1.12.1.min.js HTTP/1.1" 200 97408
0:0:0:0:0:0:0:1 - - [20/Mar/2016:07:40:11 +0530] "GET /css/bootstrap-theme.min.css HTTP/1.1" 200 23414
0:0:0:0:0:0:0:1 - - [20/Mar/2016:07:40:11 +0530] "GET /js/pagevalue.js HTTP/1.1" 200 921
0:0:0:0:0:0:0:1 - - [20/Mar/2016:07:40:11 +0530] "GET /css/style.css HTTP/1.1" 404 128
0:0:0:0:0:0:0:1 - - [20/Mar/2016:07:40:54 +0530] "GET / HTTP/1.1" 200 4457
0:0:0:0:0:0:0:1 - - [20/Mar/2016:07:40:55 +0530] "GET /css/bootstrap-theme.min.css HTTP/1.1" 200 23414
0:0:0:0:0:0:0:1 - - [20/Mar/2016:07:40:55 +0530] "GET /css/bootstrap.min.css HTTP/1.1" 200 121265
0:0:0:0:0:0:0:1 - - [20/Mar/2016:07:40:55 +0530] "GET /js/jquery-1.12.1.min.js HTTP/1.1" 200 97408
0:0:0:0:0:0:0:1 - - [20/Mar/2016:07:40:55 +0530] "GET /js/pagevalue.js HTTP/1.1" 200 921
0:0:0:0:0:0:0:1 - - [20/Mar/2016:07:40:55 +0530] "GET /js/bootstrap.min.js HTTP/1.1" 200 36874
0:0:0:0:0:0:0:1 - - [20/Mar/2016:07:40:55 +0530] "GET /css/style.css HTTP/1.1" 404 128
0:0:0:0:0:0:0:1 - - [20/Mar/2016:07:40:55 +0530] "GET /map.png HTTP/1.1" 200 145368
0:0:0:0:0:0:0:1 - - [20/Mar/2016:07:40:58 +0530] "GET /engineering HTTP/1.1" 200 7020
0:0:0:0:0:0:0:1 - - [20/Mar/2016:07:40:58 +0530] "GET /css/bootstrap.min.css HTTP/1.1" 200 121265
0:0:0:0:0:0:0:1 - - [20/Mar/2016:07:40:58 +0530] "GET /css/bootstrap-theme.min.css HTTP/1.1" 200 23414
0:0:0:0:0:0:0:1 - - [20/Mar/2016:07:40:58 +0530] "GET /css/style.css HTTP/1.1" 404 128
0:0:0:0:0:0:0:1 - - [20/Mar/2016:07:40:58 +0530] "GET /js/pagevalue.js HTTP/1.1" 200 921
0:0:0:0:0:0:0:1 - - [20/Mar/2016:07:40:58 +0530] "GET /js/bootstrap.min.js HTTP/1.1" 200 36874
0:0:0:0:0:0:0:1 - - [20/Mar/2016:07:40:58 +0530] "GET /js/jquery-1.12.1.min.js HTTP/1.1" 200 97408
0:0:0:0:0:0:0:1 - - [20/Mar/2016:07:41:05 +0530] "POST /getEngData HTTP/1.1" 500 1480
0:0:0:0:0:0:0:1 - - [20/Mar/2016:07:41:05 +0530] "GET /css/bootstrap-theme.min.css HTTP/1.1" 200 23414
0:0:0:0:0:0:0:1 - - [20/Mar/2016:07:41:05 +0530] "GET /css/style.css HTTP/1.1" 404 128
0:0:0:0:0:0:0:1 - - [20/Mar/2016:07:41:05 +0530] "GET /js/jquery-1.12.1.min.js HTTP/1.1" 200 97408
0:0:0:0:0:0:0:1 - - [20/Mar/2016:07:41:05 +0530] "GET /css/bootstrap.min.css HTTP/1.1" 200 121265
0:0:0:0:0:0:0:1 - - [20/Mar/2016:07:41:05 +0530] "GET /js/pagevalue.js HTTP/1.1" 200 921
0:0:0:0:0:0:0:1 - - [20/Mar/2016:07:41:05 +0530] "GET /js/bootstrap.min.js HTTP/1.1" 200 36874
0:0:0:0:0:0:0:1 - - [20/Mar/2016:07:42:04 +0530] "GET /engineering HTTP/1.1" 200 7020
0:0:0:0:0:0:0:1 - - [20/Mar/2016:07:42:05 +0530] "GET /js/jquery-1.12.1.min.js HTTP/1.1" 200 97408
0:0:0:0:0:0:0:1 - - [20/Mar/2016:07:42:05 +0530] "GET /css/bootstrap.min.css HTTP/1.1" 200 121265
0:0:0:0:0:0:0:1 - - [20/Mar/2016:07:42:05 +0530] "GET /js/bootstrap.min.js HTTP/1.1" 200 36874
0:0:0:0:0:0:0:1 - - [20/Mar/2016:07:42:05 +0530] "GET /js/pagevalue.js HTTP/1.1" 200 921
0:0:0:0:0:0:0:1 - - [20/Mar/2016:07:42:05 +0530] "GET /css/bootstrap-theme.min.css HTTP/1.1" 200 23414
0:0:0:0:0:0:0:1 - - [20/Mar/2016:07:42:05 +0530] "GET /css/style.css HTTP/1.1" 404 128
0:0:0:0:0:0:0:1 - - [20/Mar/2016:07:42:10 +0530] "POST /getEngData HTTP/1.1" 500 1480
0:0:0:0:0:0:0:1 - - [20/Mar/2016:07:42:10 +0530] "GET /css/bootstrap.min.css HTTP/1.1" 200 121265
0:0:0:0:0:0:0:1 - - [20/Mar/2016:07:42:10 +0530] "GET /js/jquery-1.12.1.min.js HTTP/1.1" 200 97408
0:0:0:0:0:0:0:1 - - [20/Mar/2016:07:42:10 +0530] "GET /js/bootstrap.min.js HTTP/1.1" 200 36874
0:0:0:0:0:0:0:1 - - [20/Mar/2016:07:42:10 +0530] "GET /css/bootstrap-theme.min.css HTTP/1.1" 200 23414
0:0:0:0:0:0:0:1 - - [20/Mar/2016:07:42:10 +0530] "GET /js/pagevalue.js HTTP/1.1" 200 921
0:0:0:0:0:0:0:1 - - [20/Mar/2016:07:42:10 +0530] "GET /css/style.css HTTP/1.1" 404 128
0:0:0:0:0:0:0:1 - - [20/Mar/2016:07:43:09 +0530] "GET /engineering HTTP/1.1" 200 7020
0:0:0:0:0:0:0:1 - - [20/Mar/2016:07:43:09 +0530] "GET /css/bootstrap-theme.min.css HTTP/1.1" 200 23414
0:0:0:0:0:0:0:1 - - [20/Mar/2016:07:43:09 +0530] "GET /css/bootstrap.min.css HTTP/1.1" 200 121265
0:0:0:0:0:0:0:1 - - [20/Mar/2016:07:43:09 +0530] "GET /js/pagevalue.js HTTP/1.1" 200 921
0:0:0:0:0:0:0:1 - - [20/Mar/2016:07:43:09 +0530] "GET /js/bootstrap.min.js HTTP/1.1" 200 36874
0:0:0:0:0:0:0:1 - - [20/Mar/2016:07:43:09 +0530] "GET /js/jquery-1.12.1.min.js HTTP/1.1" 200 97408
0:0:0:0:0:0:0:1 - - [20/Mar/2016:07:43:09 +0530] "GET /css/style.css HTTP/1.1" 404 128
0:0:0:0:0:0:0:1 - - [20/Mar/2016:07:43:14 +0530] "POST /getEngData HTTP/1.1" 200 9489
0:0:0:0:0:0:0:1 - - [20/Mar/2016:07:43:14 +0530] "GET /css/bootstrap.min.css HTTP/1.1" 200 121265
0:0:0:0:0:0:0:1 - - [20/Mar/2016:07:43:14 +0530] "GET /js/jquery-1.12.1.min.js HTTP/1.1" 200 97408
0:0:0:0:0:0:0:1 - - [20/Mar/2016:07:43:14 +0530] "GET /css/bootstrap-theme.min.css HTTP/1.1" 200 23414
0:0:0:0:0:0:0:1 - - [20/Mar/2016:07:43:14 +0530] "GET /js/pagevalue.js HTTP/1.1" 200 921
0:0:0:0:0:0:0:1 - - [20/Mar/2016:07:43:14 +0530] "GET /js/bootstrap.min.js HTTP/1.1" 200 36874
0:0:0:0:0:0:0:1 - - [20/Mar/2016:07:43:14 +0530] "GET /css/style.css HTTP/1.1" 404 128
0:0:0:0:0:0:0:1 - - [20/Mar/2016:07:43:48 +0530] "POST /getEngData HTTP/1.1" 200 9489
0:0:0:0:0:0:0:1 - - [20/Mar/2016:07:43:48 +0530] "GET /js/bootstrap.min.js HTTP/1.1" 200 36874
0:0:0:0:0:0:0:1 - - [20/Mar/2016:07:43:48 +0530] "GET /js/pagevalue.js HTTP/1.1" 200 921
0:0:0:0:0:0:0:1 - - [20/Mar/2016:07:43:48 +0530] "GET /css/bootstrap-theme.min.css HTTP/1.1" 200 23414
0:0:0:0:0:0:0:1 - - [20/Mar/2016:07:43:48 +0530] "GET /css/bootstrap.min.css HTTP/1.1" 200 121265
0:0:0:0:0:0:0:1 - - [20/Mar/2016:07:43:48 +0530] "GET /js/jquery-1.12.1.min.js HTTP/1.1" 200 97408
0:0:0:0:0:0:0:1 - - [20/Mar/2016:07:43:48 +0530] "GET /css/style.css HTTP/1.1" 404 128
0:0:0:0:0:0:0:1 - - [20/Mar/2016:07:44:10 +0530] "POST /getEngData HTTP/1.1" 200 9619
0:0:0:0:0:0:0:1 - - [20/Mar/2016:07:44:10 +0530] "GET /css/bootstrap.min.css HTTP/1.1" 200 121265
0:0:0:0:0:0:0:1 - - [20/Mar/2016:07:44:10 +0530] "GET /css/bootstrap-theme.min.css HTTP/1.1" 200 23414
0:0:0:0:0:0:0:1 - - [20/Mar/2016:07:44:10 +0530] "GET /css/style.css HTTP/1.1" 404 128
0:0:0:0:0:0:0:1 - - [20/Mar/2016:07:44:10 +0530] "GET /js/jquery-1.12.1.min.js HTTP/1.1" 200 97408
0:0:0:0:0:0:0:1 - - [20/Mar/2016:07:44:10 +0530] "GET /js/bootstrap.min.js HTTP/1.1" 200 36874
0:0:0:0:0:0:0:1 - - [20/Mar/2016:07:44:10 +0530] "GET /js/pagevalue.js HTTP/1.1" 200 921
0:0:0:0:0:0:0:1 - - [20/Mar/2016:07:44:12 +0530] "POST /getEngData HTTP/1.1" 200 9585
0:0:0:0:0:0:0:1 - - [20/Mar/2016:07:44:12 +0530] "GET /css/bootstrap-theme.min.css HTTP/1.1" 200 23414
0:0:0:0:0:0:0:1 - - [20/Mar/2016:07:44:12 +0530] "GET /css/bootstrap.min.css HTTP/1.1" 200 121265
0:0:0:0:0:0:0:1 - - [20/Mar/2016:07:44:12 +0530] "GET /js/jquery-1.12.1.min.js HTTP/1.1" 200 97408
0:0:0:0:0:0:0:1 - - [20/Mar/2016:07:44:12 +0530] "GET /css/style.css HTTP/1.1" 404 128
0:0:0:0:0:0:0:1 - - [20/Mar/2016:07:44:12 +0530] "GET /js/bootstrap.min.js HTTP/1.1" 200 36874
0:0:0:0:0:0:0:1 - - [20/Mar/2016:07:44:12 +0530] "GET /js/pagevalue.js HTTP/1.1" 200 921
0:0:0:0:0:0:0:1 - - [20/Mar/2016:07:44:13 +0530] "POST /getEngData HTTP/1.1" 200 9651
0:0:0:0:0:0:0:1 - - [20/Mar/2016:07:44:13 +0530] "GET /css/bootstrap.min.css HTTP/1.1" 200 121265
0:0:0:0:0:0:0:1 - - [20/Mar/2016:07:44:13 +0530] "GET /css/bootstrap-theme.min.css HTTP/1.1" 200 23414
0:0:0:0:0:0:0:1 - - [20/Mar/2016:07:44:13 +0530] "GET /css/style.css HTTP/1.1" 404 128
0:0:0:0:0:0:0:1 - - [20/Mar/2016:07:44:13 +0530] "GET /js/bootstrap.min.js HTTP/1.1" 200 36874
0:0:0:0:0:0:0:1 - - [20/Mar/2016:07:44:13 +0530] "GET /js/jquery-1.12.1.min.js HTTP/1.1" 200 97408
0:0:0:0:0:0:0:1 - - [20/Mar/2016:07:44:13 +0530] "GET /js/pagevalue.js HTTP/1.1" 200 921
0:0:0:0:0:0:0:1 - - [20/Mar/2016:07:44:15 +0530] "POST /getEngData HTTP/1.1" 200 9561
0:0:0:0:0:0:0:1 - - [20/Mar/2016:07:44:15 +0530] "GET /css/bootstrap-theme.min.css HTTP/1.1" 200 23414
0:0:0:0:0:0:0:1 - - [20/Mar/2016:07:44:15 +0530] "GET /css/style.css HTTP/1.1" 404 128
0:0:0:0:0:0:0:1 - - [20/Mar/2016:07:44:15 +0530] "GET /css/bootstrap.min.css HTTP/1.1" 200 121265
0:0:0:0:0:0:0:1 - - [20/Mar/2016:07:44:15 +0530] "GET /js/jquery-1.12.1.min.js HTTP/1.1" 200 97408
0:0:0:0:0:0:0:1 - - [20/Mar/2016:07:44:15 +0530] "GET /js/pagevalue.js HTTP/1.1" 200 921
0:0:0:0:0:0:0:1 - - [20/Mar/2016:07:44:15 +0530] "GET /js/bootstrap.min.js HTTP/1.1" 200 36874
0:0:0:0:0:0:0:1 - - [20/Mar/2016:07:44:16 +0530] "POST /getEngData HTTP/1.1" 200 9631
0:0:0:0:0:0:0:1 - - [20/Mar/2016:07:44:16 +0530] "GET /css/bootstrap-theme.min.css HTTP/1.1" 200 23414
0:0:0:0:0:0:0:1 - - [20/Mar/2016:07:44:16 +0530] "GET /css/style.css HTTP/1.1" 404 128
0:0:0:0:0:0:0:1 - - [20/Mar/2016:07:44:16 +0530] "GET /js/jquery-1.12.1.min.js HTTP/1.1" 200 97408
0:0:0:0:0:0:0:1 - - [20/Mar/2016:07:44:16 +0530] "GET /css/bootstrap.min.css HTTP/1.1" 200 121265
0:0:0:0:0:0:0:1 - - [20/Mar/2016:07:44:16 +0530] "GET /js/pagevalue.js HTTP/1.1" 200 921
0:0:0:0:0:0:0:1 - - [20/Mar/2016:07:44:16 +0530] "GET /js/bootstrap.min.js HTTP/1.1" 200 36874
0:0:0:0:0:0:0:1 - - [20/Mar/2016:07:44:18 +0530] "POST /getEngData HTTP/1.1" 200 9535
0:0:0:0:0:0:0:1 - - [20/Mar/2016:07:44:18 +0530] "GET /css/bootstrap-theme.min.css HTTP/1.1" 200 23414
0:0:0:0:0:0:0:1 - - [20/Mar/2016:07:44:18 +0530] "GET /css/style.css HTTP/1.1" 404 128
0:0:0:0:0:0:0:1 - - [20/Mar/2016:07:44:18 +0530] "GET /css/bootstrap.min.css HTTP/1.1" 200 121265
0:0:0:0:0:0:0:1 - - [20/Mar/2016:07:44:18 +0530] "GET /js/jquery-1.12.1.min.js HTTP/1.1" 200 97408
0:0:0:0:0:0:0:1 - - [20/Mar/2016:07:44:18 +0530] "GET /js/bootstrap.min.js HTTP/1.1" 200 36874
0:0:0:0:0:0:0:1 - - [20/Mar/2016:07:44:18 +0530] "GET /js/pagevalue.js HTTP/1.1" 200 921
0:0:0:0:0:0:0:1 - - [20/Mar/2016:07:44:19 +0530] "POST /getEngData HTTP/1.1" 200 9571
0:0:0:0:0:0:0:1 - - [20/Mar/2016:07:44:19 +0530] "GET /css/bootstrap-theme.min.css HTTP/1.1" 200 23414
0:0:0:0:0:0:0:1 - - [20/Mar/2016:07:44:19 +0530] "GET /css/style.css HTTP/1.1" 404 128
0:0:0:0:0:0:0:1 - - [20/Mar/2016:07:44:19 +0530] "GET /js/jquery-1.12.1.min.js HTTP/1.1" 200 97408
0:0:0:0:0:0:0:1 - - [20/Mar/2016:07:44:19 +0530] "GET /css/bootstrap.min.css HTTP/1.1" 200 121265
0:0:0:0:0:0:0:1 - - [20/Mar/2016:07:44:19 +0530] "GET /js/bootstrap.min.js HTTP/1.1" 200 36874
0:0:0:0:0:0:0:1 - - [20/Mar/2016:07:44:19 +0530] "GET /js/pagevalue.js HTTP/1.1" 200 921
0:0:0:0:0:0:0:1 - - [20/Mar/2016:07:44:21 +0530] "POST /getEngData HTTP/1.1" 200 9539
0:0:0:0:0:0:0:1 - - [20/Mar/2016:07:44:21 +0530] "GET /css/bootstrap-theme.min.css HTTP/1.1" 200 23414
0:0:0:0:0:0:0:1 - - [20/Mar/2016:07:44:21 +0530] "GET /css/bootstrap.min.css HTTP/1.1" 200 121265
0:0:0:0:0:0:0:1 - - [20/Mar/2016:07:44:21 +0530] "GET /css/style.css HTTP/1.1" 404 128
0:0:0:0:0:0:0:1 - - [20/Mar/2016:07:44:21 +0530] "GET /js/jquery-1.12.1.min.js HTTP/1.1" 200 97408
0:0:0:0:0:0:0:1 - - [20/Mar/2016:07:44:21 +0530] "GET /js/bootstrap.min.js HTTP/1.1" 200 36874
0:0:0:0:0:0:0:1 - - [20/Mar/2016:07:44:21 +0530] "GET /js/pagevalue.js HTTP/1.1" 200 921
0:0:0:0:0:0:0:1 - - [20/Mar/2016:07:44:23 +0530] "POST /getEngData HTTP/1.1" 200 9595
0:0:0:0:0:0:0:1 - - [20/Mar/2016:07:44:23 +0530] "GET /css/bootstrap-theme.min.css HTTP/1.1" 200 23414
0:0:0:0:0:0:0:1 - - [20/Mar/2016:07:44:23 +0530] "GET /css/bootstrap.min.css HTTP/1.1" 200 121265
0:0:0:0:0:0:0:1 - - [20/Mar/2016:07:44:23 +0530] "GET /js/bootstrap.min.js HTTP/1.1" 200 36874
0:0:0:0:0:0:0:1 - - [20/Mar/2016:07:44:23 +0530] "GET /js/jquery-1.12.1.min.js HTTP/1.1" 200 97408
0:0:0:0:0:0:0:1 - - [20/Mar/2016:07:44:23 +0530] "GET /js/pagevalue.js HTTP/1.1" 200 921
0:0:0:0:0:0:0:1 - - [20/Mar/2016:07:44:23 +0530] "GET /css/style.css HTTP/1.1" 404 128
0:0:0:0:0:0:0:1 - - [20/Mar/2016:07:44:25 +0530] "POST /getEngData HTTP/1.1" 200 9610
0:0:0:0:0:0:0:1 - - [20/Mar/2016:07:44:25 +0530] "GET /css/style.css HTTP/1.1" 404 128
0:0:0:0:0:0:0:1 - - [20/Mar/2016:07:44:25 +0530] "GET /css/bootstrap-theme.min.css HTTP/1.1" 200 23414
0:0:0:0:0:0:0:1 - - [20/Mar/2016:07:44:25 +0530] "GET /js/jquery-1.12.1.min.js HTTP/1.1" 200 97408
0:0:0:0:0:0:0:1 - - [20/Mar/2016:07:44:25 +0530] "GET /css/bootstrap.min.css HTTP/1.1" 200 121265
0:0:0:0:0:0:0:1 - - [20/Mar/2016:07:44:25 +0530] "GET /js/bootstrap.min.js HTTP/1.1" 200 36874
0:0:0:0:0:0:0:1 - - [20/Mar/2016:07:44:25 +0530] "GET /js/pagevalue.js HTTP/1.1" 200 921
0:0:0:0:0:0:0:1 - - [20/Mar/2016:07:44:25 +0530] "POST /getEngData HTTP/1.1" 200 9588
0:0:0:0:0:0:0:1 - - [20/Mar/2016:07:44:25 +0530] "GET /css/bootstrap-theme.min.css HTTP/1.1" 200 23414
0:0:0:0:0:0:0:1 - - [20/Mar/2016:07:44:25 +0530] "GET /css/style.css HTTP/1.1" 404 128
0:0:0:0:0:0:0:1 - - [20/Mar/2016:07:44:25 +0530] "GET /css/bootstrap.min.css HTTP/1.1" 200 121265
0:0:0:0:0:0:0:1 - - [20/Mar/2016:07:44:25 +0530] "GET /js/jquery-1.12.1.min.js HTTP/1.1" 200 97408
0:0:0:0:0:0:0:1 - - [20/Mar/2016:07:44:25 +0530] "GET /js/bootstrap.min.js HTTP/1.1" 200 36874
0:0:0:0:0:0:0:1 - - [20/Mar/2016:07:44:25 +0530] "GET /js/pagevalue.js HTTP/1.1" 200 921
0:0:0:0:0:0:0:1 - - [20/Mar/2016:07:44:26 +0530] "POST /getEngData HTTP/1.1" 200 9632
0:0:0:0:0:0:0:1 - - [20/Mar/2016:07:44:26 +0530] "GET /css/style.css HTTP/1.1" 404 128
0:0:0:0:0:0:0:1 - - [20/Mar/2016:07:44:26 +0530] "GET /css/bootstrap-theme.min.css HTTP/1.1" 200 23414
0:0:0:0:0:0:0:1 - - [20/Mar/2016:07:44:26 +0530] "GET /js/jquery-1.12.1.min.js HTTP/1.1" 200 97408
0:0:0:0:0:0:0:1 - - [20/Mar/2016:07:44:26 +0530] "GET /css/bootstrap.min.css HTTP/1.1" 200 121265
0:0:0:0:0:0:0:1 - - [20/Mar/2016:07:44:26 +0530] "GET /js/bootstrap.min.js HTTP/1.1" 200 36874
0:0:0:0:0:0:0:1 - - [20/Mar/2016:07:44:26 +0530] "GET /js/pagevalue.js HTTP/1.1" 200 921
0:0:0:0:0:0:0:1 - - [20/Mar/2016:07:44:27 +0530] "POST /getEngData HTTP/1.1" 200 9574
0:0:0:0:0:0:0:1 - - [20/Mar/2016:07:44:27 +0530] "GET /css/bootstrap-theme.min.css HTTP/1.1" 200 23414
0:0:0:0:0:0:0:1 - - [20/Mar/2016:07:44:27 +0530] "GET /css/style.css HTTP/1.1" 404 128
0:0:0:0:0:0:0:1 - - [20/Mar/2016:07:44:27 +0530] "GET /css/bootstrap.min.css HTTP/1.1" 200 121265
0:0:0:0:0:0:0:1 - - [20/Mar/2016:07:44:27 +0530] "GET /js/jquery-1.12.1.min.js HTTP/1.1" 200 97408
0:0:0:0:0:0:0:1 - - [20/Mar/2016:07:44:27 +0530] "GET /js/bootstrap.min.js HTTP/1.1" 200 36874
0:0:0:0:0:0:0:1 - - [20/Mar/2016:07:44:27 +0530] "GET /js/pagevalue.js HTTP/1.1" 200 921
0:0:0:0:0:0:0:1 - - [20/Mar/2016:07:44:28 +0530] "POST /getEngData HTTP/1.1" 200 9590
0:0:0:0:0:0:0:1 - - [20/Mar/2016:07:44:28 +0530] "GET /css/bootstrap-theme.min.css HTTP/1.1" 200 23414
0:0:0:0:0:0:0:1 - - [20/Mar/2016:07:44:28 +0530] "GET /css/bootstrap.min.css HTTP/1.1" 200 121265
0:0:0:0:0:0:0:1 - - [20/Mar/2016:07:44:28 +0530] "GET /css/style.css HTTP/1.1" 404 128
0:0:0:0:0:0:0:1 - - [20/Mar/2016:07:44:28 +0530] "GET /js/bootstrap.min.js HTTP/1.1" 200 36874
0:0:0:0:0:0:0:1 - - [20/Mar/2016:07:44:28 +0530] "GET /js/jquery-1.12.1.min.js HTTP/1.1" 200 97408
0:0:0:0:0:0:0:1 - - [20/Mar/2016:07:44:28 +0530] "GET /js/pagevalue.js HTTP/1.1" 200 921
0:0:0:0:0:0:0:1 - - [20/Mar/2016:07:44:28 +0530] "POST /getEngData HTTP/1.1" 200 9602
0:0:0:0:0:0:0:1 - - [20/Mar/2016:07:44:28 +0530] "GET /css/bootstrap-theme.min.css HTTP/1.1" 200 23414
0:0:0:0:0:0:0:1 - - [20/Mar/2016:07:44:28 +0530] "GET /css/style.css HTTP/1.1" 404 128
0:0:0:0:0:0:0:1 - - [20/Mar/2016:07:44:28 +0530] "GET /css/bootstrap.min.css HTTP/1.1" 200 121265
0:0:0:0:0:0:0:1 - - [20/Mar/2016:07:44:28 +0530] "GET /js/jquery-1.12.1.min.js HTTP/1.1" 200 97408
0:0:0:0:0:0:0:1 - - [20/Mar/2016:07:44:28 +0530] "GET /js/bootstrap.min.js HTTP/1.1" 200 36874
0:0:0:0:0:0:0:1 - - [20/Mar/2016:07:44:28 +0530] "GET /js/pagevalue.js HTTP/1.1" 200 921
0:0:0:0:0:0:0:1 - - [20/Mar/2016:07:44:29 +0530] "POST /getEngData HTTP/1.1" 200 9636
0:0:0:0:0:0:0:1 - - [20/Mar/2016:07:44:29 +0530] "GET /css/bootstrap-theme.min.css HTTP/1.1" 200 23414
0:0:0:0:0:0:0:1 - - [20/Mar/2016:07:44:29 +0530] "GET /js/jquery-1.12.1.min.js HTTP/1.1" 200 97408
0:0:0:0:0:0:0:1 - - [20/Mar/2016:07:44:29 +0530] "GET /css/bootstrap.min.css HTTP/1.1" 200 121265
0:0:0:0:0:0:0:1 - - [20/Mar/2016:07:44:29 +0530] "GET /css/style.css HTTP/1.1" 404 128
0:0:0:0:0:0:0:1 - - [20/Mar/2016:07:44:29 +0530] "GET /js/bootstrap.min.js HTTP/1.1" 200 36874
0:0:0:0:0:0:0:1 - - [20/Mar/2016:07:44:29 +0530] "GET /js/pagevalue.js HTTP/1.1" 200 921
0:0:0:0:0:0:0:1 - - [20/Mar/2016:07:44:29 +0530] "POST /getEngData HTTP/1.1" 200 9664
0:0:0:0:0:0:0:1 - - [20/Mar/2016:07:44:29 +0530] "GET /css/bootstrap-theme.min.css HTTP/1.1" 200 23414
0:0:0:0:0:0:0:1 - - [20/Mar/2016:07:44:29 +0530] "GET /css/style.css HTTP/1.1" 404 128
0:0:0:0:0:0:0:1 - - [20/Mar/2016:07:44:29 +0530] "GET /css/bootstrap.min.css HTTP/1.1" 200 121265
0:0:0:0:0:0:0:1 - - [20/Mar/2016:07:44:29 +0530] "GET /js/jquery-1.12.1.min.js HTTP/1.1" 200 97408
0:0:0:0:0:0:0:1 - - [20/Mar/2016:07:44:29 +0530] "GET /js/bootstrap.min.js HTTP/1.1" 200 36874
0:0:0:0:0:0:0:1 - - [20/Mar/2016:07:44:29 +0530] "GET /js/pagevalue.js HTTP/1.1" 200 921
0:0:0:0:0:0:0:1 - - [20/Mar/2016:07:44:29 +0530] "POST /getEngData HTTP/1.1" 200 9576
0:0:0:0:0:0:0:1 - - [20/Mar/2016:07:44:30 +0530] "GET /css/style.css HTTP/1.1" 404 128
0:0:0:0:0:0:0:1 - - [20/Mar/2016:07:44:30 +0530] "GET /css/bootstrap-theme.min.css HTTP/1.1" 200 23414
0:0:0:0:0:0:0:1 - - [20/Mar/2016:07:44:30 +0530] "GET /css/bootstrap.min.css HTTP/1.1" 200 121265
0:0:0:0:0:0:0:1 - - [20/Mar/2016:07:44:30 +0530] "GET /js/jquery-1.12.1.min.js HTTP/1.1" 200 97408
0:0:0:0:0:0:0:1 - - [20/Mar/2016:07:44:30 +0530] "GET /js/bootstrap.min.js HTTP/1.1" 200 36874
0:0:0:0:0:0:0:1 - - [20/Mar/2016:07:44:30 +0530] "GET /js/pagevalue.js HTTP/1.1" 200 921
0:0:0:0:0:0:0:1 - - [20/Mar/2016:07:44:30 +0530] "POST /getEngData HTTP/1.1" 200 9536
0:0:0:0:0:0:0:1 - - [20/Mar/2016:07:44:30 +0530] "GET /css/style.css HTTP/1.1" 404 128
0:0:0:0:0:0:0:1 - - [20/Mar/2016:07:44:30 +0530] "GET /css/bootstrap-theme.min.css HTTP/1.1" 200 23414
0:0:0:0:0:0:0:1 - - [20/Mar/2016:07:44:30 +0530] "GET /css/bootstrap.min.css HTTP/1.1" 200 121265
0:0:0:0:0:0:0:1 - - [20/Mar/2016:07:44:30 +0530] "GET /js/jquery-1.12.1.min.js HTTP/1.1" 200 97408
0:0:0:0:0:0:0:1 - - [20/Mar/2016:07:44:30 +0530] "GET /js/bootstrap.min.js HTTP/1.1" 200 36874
0:0:0:0:0:0:0:1 - - [20/Mar/2016:07:44:30 +0530] "GET /js/pagevalue.js HTTP/1.1" 200 921
0:0:0:0:0:0:0:1 - - [20/Mar/2016:07:44:30 +0530] "POST /getEngData HTTP/1.1" 200 9576
0:0:0:0:0:0:0:1 - - [20/Mar/2016:07:44:30 +0530] "GET /css/bootstrap-theme.min.css HTTP/1.1" 200 23414
0:0:0:0:0:0:0:1 - - [20/Mar/2016:07:44:30 +0530] "GET /css/bootstrap.min.css HTTP/1.1" 200 121265
0:0:0:0:0:0:0:1 - - [20/Mar/2016:07:44:30 +0530] "GET /css/style.css HTTP/1.1" 404 128
0:0:0:0:0:0:0:1 - - [20/Mar/2016:07:44:30 +0530] "GET /js/bootstrap.min.js HTTP/1.1" 200 36874
0:0:0:0:0:0:0:1 - - [20/Mar/2016:07:44:30 +0530] "GET /js/jquery-1.12.1.min.js HTTP/1.1" 200 97408
0:0:0:0:0:0:0:1 - - [20/Mar/2016:07:44:30 +0530] "GET /js/pagevalue.js HTTP/1.1" 200 921
0:0:0:0:0:0:0:1 - - [20/Mar/2016:07:44:31 +0530] "POST /getEngData HTTP/1.1" 200 9618
0:0:0:0:0:0:0:1 - - [20/Mar/2016:07:44:31 +0530] "GET /css/bootstrap-theme.min.css HTTP/1.1" 200 23414
0:0:0:0:0:0:0:1 - - [20/Mar/2016:07:44:31 +0530] "GET /css/style.css HTTP/1.1" 404 128
0:0:0:0:0:0:0:1 - - [20/Mar/2016:07:44:31 +0530] "GET /css/bootstrap.min.css HTTP/1.1" 200 121265
0:0:0:0:0:0:0:1 - - [20/Mar/2016:07:44:31 +0530] "GET /js/jquery-1.12.1.min.js HTTP/1.1" 200 97408
0:0:0:0:0:0:0:1 - - [20/Mar/2016:07:44:31 +0530] "GET /js/bootstrap.min.js HTTP/1.1" 200 36874
0:0:0:0:0:0:0:1 - - [20/Mar/2016:07:44:31 +0530] "GET /js/pagevalue.js HTTP/1.1" 200 921
0:0:0:0:0:0:0:1 - - [20/Mar/2016:07:44:31 +0530] "POST /getEngData HTTP/1.1" 200 9582
0:0:0:0:0:0:0:1 - - [20/Mar/2016:07:44:31 +0530] "GET /css/bootstrap-theme.min.css HTTP/1.1" 200 23414
0:0:0:0:0:0:0:1 - - [20/Mar/2016:07:44:31 +0530] "GET /css/style.css HTTP/1.1" 404 128
0:0:0:0:0:0:0:1 - - [20/Mar/2016:07:44:31 +0530] "GET /css/bootstrap.min.css HTTP/1.1" 200 121265
0:0:0:0:0:0:0:1 - - [20/Mar/2016:07:44:31 +0530] "GET /js/jquery-1.12.1.min.js HTTP/1.1" 200 97408
0:0:0:0:0:0:0:1 - - [20/Mar/2016:07:44:31 +0530] "GET /js/bootstrap.min.js HTTP/1.1" 200 36874
0:0:0:0:0:0:0:1 - - [20/Mar/2016:07:44:31 +0530] "GET /js/pagevalue.js HTTP/1.1" 200 921
0:0:0:0:0:0:0:1 - - [20/Mar/2016:07:44:32 +0530] "POST /getEngData HTTP/1.1" 200 9624
0:0:0:0:0:0:0:1 - - [20/Mar/2016:07:44:32 +0530] "GET /css/style.css HTTP/1.1" 404 128
0:0:0:0:0:0:0:1 - - [20/Mar/2016:07:44:32 +0530] "GET /css/bootstrap-theme.min.css HTTP/1.1" 200 23414
0:0:0:0:0:0:0:1 - - [20/Mar/2016:07:44:32 +0530] "GET /css/bootstrap.min.css HTTP/1.1" 200 121265
0:0:0:0:0:0:0:1 - - [20/Mar/2016:07:44:32 +0530] "GET /js/jquery-1.12.1.min.js HTTP/1.1" 200 97408
0:0:0:0:0:0:0:1 - - [20/Mar/2016:07:44:32 +0530] "GET /js/bootstrap.min.js HTTP/1.1" 200 36874
0:0:0:0:0:0:0:1 - - [20/Mar/2016:07:44:32 +0530] "GET /js/pagevalue.js HTTP/1.1" 200 921
0:0:0:0:0:0:0:1 - - [20/Mar/2016:07:44:32 +0530] "POST /getEngData HTTP/1.1" 200 9666
0:0:0:0:0:0:0:1 - - [20/Mar/2016:07:44:32 +0530] "GET /css/style.css HTTP/1.1" 404 128
0:0:0:0:0:0:0:1 - - [20/Mar/2016:07:44:32 +0530] "GET /css/bootstrap-theme.min.css HTTP/1.1" 200 23414
0:0:0:0:0:0:0:1 - - [20/Mar/2016:07:44:32 +0530] "GET /css/bootstrap.min.css HTTP/1.1" 200 121265
0:0:0:0:0:0:0:1 - - [20/Mar/2016:07:44:32 +0530] "GET /js/jquery-1.12.1.min.js HTTP/1.1" 200 97408
0:0:0:0:0:0:0:1 - - [20/Mar/2016:07:44:32 +0530] "GET /js/bootstrap.min.js HTTP/1.1" 200 36874
0:0:0:0:0:0:0:1 - - [20/Mar/2016:07:44:32 +0530] "GET /js/pagevalue.js HTTP/1.1" 200 921
0:0:0:0:0:0:0:1 - - [20/Mar/2016:07:44:32 +0530] "POST /getEngData HTTP/1.1" 200 9580
0:0:0:0:0:0:0:1 - - [20/Mar/2016:07:44:32 +0530] "GET /css/bootstrap-theme.min.css HTTP/1.1" 200 23414
0:0:0:0:0:0:0:1 - - [20/Mar/2016:07:44:32 +0530] "GET /css/bootstrap.min.css HTTP/1.1" 200 121265
0:0:0:0:0:0:0:1 - - [20/Mar/2016:07:44:32 +0530] "GET /js/bootstrap.min.js HTTP/1.1" 200 36874
0:0:0:0:0:0:0:1 - - [20/Mar/2016:07:44:32 +0530] "GET /js/pagevalue.js HTTP/1.1" 200 921
0:0:0:0:0:0:0:1 - - [20/Mar/2016:07:44:32 +0530] "GET /css/style.css HTTP/1.1" 404 128
0:0:0:0:0:0:0:1 - - [20/Mar/2016:07:44:32 +0530] "GET /js/jquery-1.12.1.min.js HTTP/1.1" 200 97408
0:0:0:0:0:0:0:1 - - [20/Mar/2016:07:44:33 +0530] "POST /getEngData HTTP/1.1" 200 9628
0:0:0:0:0:0:0:1 - - [20/Mar/2016:07:44:33 +0530] "GET /css/style.css HTTP/1.1" 404 128
0:0:0:0:0:0:0:1 - - [20/Mar/2016:07:44:33 +0530] "GET /css/bootstrap-theme.min.css HTTP/1.1" 200 23414
0:0:0:0:0:0:0:1 - - [20/Mar/2016:07:44:33 +0530] "GET /css/bootstrap.min.css HTTP/1.1" 200 121265
0:0:0:0:0:0:0:1 - - [20/Mar/2016:07:44:33 +0530] "GET /js/jquery-1.12.1.min.js HTTP/1.1" 200 97408
0:0:0:0:0:0:0:1 - - [20/Mar/2016:07:44:33 +0530] "GET /js/bootstrap.min.js HTTP/1.1" 200 36874
0:0:0:0:0:0:0:1 - - [20/Mar/2016:07:44:33 +0530] "GET /js/pagevalue.js HTTP/1.1" 200 921
0:0:0:0:0:0:0:1 - - [20/Mar/2016:07:44:33 +0530] "POST /getEngData HTTP/1.1" 200 9584
0:0:0:0:0:0:0:1 - - [20/Mar/2016:07:44:33 +0530] "GET /css/bootstrap-theme.min.css HTTP/1.1" 200 23414
0:0:0:0:0:0:0:1 - - [20/Mar/2016:07:44:33 +0530] "GET /css/style.css HTTP/1.1" 404 128
0:0:0:0:0:0:0:1 - - [20/Mar/2016:07:44:33 +0530] "GET /css/bootstrap.min.css HTTP/1.1" 200 121265
0:0:0:0:0:0:0:1 - - [20/Mar/2016:07:44:33 +0530] "GET /js/jquery-1.12.1.min.js HTTP/1.1" 200 97408
0:0:0:0:0:0:0:1 - - [20/Mar/2016:07:44:33 +0530] "GET /js/pagevalue.js HTTP/1.1" 200 921
0:0:0:0:0:0:0:1 - - [20/Mar/2016:07:44:33 +0530] "GET /js/bootstrap.min.js HTTP/1.1" 200 36874
0:0:0:0:0:0:0:1 - - [20/Mar/2016:07:44:35 +0530] "POST /getEngData HTTP/1.1" 200 9628
0:0:0:0:0:0:0:1 - - [20/Mar/2016:07:44:35 +0530] "GET /css/bootstrap-theme.min.css HTTP/1.1" 200 23414
0:0:0:0:0:0:0:1 - - [20/Mar/2016:07:44:35 +0530] "GET /css/style.css HTTP/1.1" 404 128
0:0:0:0:0:0:0:1 - - [20/Mar/2016:07:44:35 +0530] "GET /css/bootstrap.min.css HTTP/1.1" 200 121265
0:0:0:0:0:0:0:1 - - [20/Mar/2016:07:44:35 +0530] "GET /js/jquery-1.12.1.min.js HTTP/1.1" 200 97408
0:0:0:0:0:0:0:1 - - [20/Mar/2016:07:44:35 +0530] "GET /js/bootstrap.min.js HTTP/1.1" 200 36874
0:0:0:0:0:0:0:1 - - [20/Mar/2016:07:44:35 +0530] "GET /js/pagevalue.js HTTP/1.1" 200 921
0:0:0:0:0:0:0:1 - - [20/Mar/2016:07:44:35 +0530] "POST /getEngData HTTP/1.1" 200 9580
0:0:0:0:0:0:0:1 - - [20/Mar/2016:07:44:35 +0530] "GET /css/bootstrap-theme.min.css HTTP/1.1" 200 23414
0:0:0:0:0:0:0:1 - - [20/Mar/2016:07:44:35 +0530] "GET /js/bootstrap.min.js HTTP/1.1" 200 36874
0:0:0:0:0:0:0:1 - - [20/Mar/2016:07:44:35 +0530] "GET /js/jquery-1.12.1.min.js HTTP/1.1" 200 97408
0:0:0:0:0:0:0:1 - - [20/Mar/2016:07:44:35 +0530] "GET /js/pagevalue.js HTTP/1.1" 200 921
0:0:0:0:0:0:0:1 - - [20/Mar/2016:07:44:35 +0530] "GET /css/bootstrap.min.css HTTP/1.1" 200 121265
0:0:0:0:0:0:0:1 - - [20/Mar/2016:07:44:35 +0530] "GET /css/style.css HTTP/1.1" 404 128
0:0:0:0:0:0:0:1 - - [20/Mar/2016:07:44:35 +0530] "POST /getEngData HTTP/1.1" 200 9666
0:0:0:0:0:0:0:1 - - [20/Mar/2016:07:44:35 +0530] "GET /css/style.css HTTP/1.1" 404 128
0:0:0:0:0:0:0:1 - - [20/Mar/2016:07:44:35 +0530] "GET /js/jquery-1.12.1.min.js HTTP/1.1" 200 97408
0:0:0:0:0:0:0:1 - - [20/Mar/2016:07:44:35 +0530] "GET /css/bootstrap.min.css HTTP/1.1" 200 121265
0:0:0:0:0:0:0:1 - - [20/Mar/2016:07:44:35 +0530] "GET /css/bootstrap-theme.min.css HTTP/1.1" 200 23414
0:0:0:0:0:0:0:1 - - [20/Mar/2016:07:44:35 +0530] "GET /js/bootstrap.min.js HTTP/1.1" 200 36874
0:0:0:0:0:0:0:1 - - [20/Mar/2016:07:44:35 +0530] "GET /js/pagevalue.js HTTP/1.1" 200 921
0:0:0:0:0:0:0:1 - - [20/Mar/2016:07:44:36 +0530] "POST /getEngData HTTP/1.1" 200 9624
0:0:0:0:0:0:0:1 - - [20/Mar/2016:07:44:36 +0530] "GET /css/bootstrap-theme.min.css HTTP/1.1" 200 23414
0:0:0:0:0:0:0:1 - - [20/Mar/2016:07:44:36 +0530] "GET /css/bootstrap.min.css HTTP/1.1" 200 121265
0:0:0:0:0:0:0:1 - - [20/Mar/2016:07:44:36 +0530] "GET /css/style.css HTTP/1.1" 404 128
0:0:0:0:0:0:0:1 - - [20/Mar/2016:07:44:36 +0530] "GET /js/jquery-1.12.1.min.js HTTP/1.1" 200 97408
0:0:0:0:0:0:0:1 - - [20/Mar/2016:07:44:36 +0530] "GET /js/bootstrap.min.js HTTP/1.1" 200 36874
0:0:0:0:0:0:0:1 - - [20/Mar/2016:07:44:36 +0530] "GET /js/pagevalue.js HTTP/1.1" 200 921
0:0:0:0:0:0:0:1 - - [20/Mar/2016:07:44:36 +0530] "POST /getEngData HTTP/1.1" 200 9582
0:0:0:0:0:0:0:1 - - [20/Mar/2016:07:44:36 +0530] "GET /css/bootstrap-theme.min.css HTTP/1.1" 200 23414
0:0:0:0:0:0:0:1 - - [20/Mar/2016:07:44:36 +0530] "GET /css/bootstrap.min.css HTTP/1.1" 200 121265
0:0:0:0:0:0:0:1 - - [20/Mar/2016:07:44:36 +0530] "GET /js/jquery-1.12.1.min.js HTTP/1.1" 200 97408
0:0:0:0:0:0:0:1 - - [20/Mar/2016:07:44:36 +0530] "GET /js/bootstrap.min.js HTTP/1.1" 200 36874
0:0:0:0:0:0:0:1 - - [20/Mar/2016:07:44:36 +0530] "GET /css/style.css HTTP/1.1" 404 128
0:0:0:0:0:0:0:1 - - [20/Mar/2016:07:44:36 +0530] "GET /js/pagevalue.js HTTP/1.1" 200 921
0:0:0:0:0:0:0:1 - - [20/Mar/2016:07:44:37 +0530] "POST /getEngData HTTP/1.1" 200 9618
0:0:0:0:0:0:0:1 - - [20/Mar/2016:07:44:37 +0530] "GET /css/bootstrap-theme.min.css HTTP/1.1" 200 23414
0:0:0:0:0:0:0:1 - - [20/Mar/2016:07:44:37 +0530] "GET /css/bootstrap.min.css HTTP/1.1" 200 121265
0:0:0:0:0:0:0:1 - - [20/Mar/2016:07:44:37 +0530] "GET /css/style.css HTTP/1.1" 404 128
0:0:0:0:0:0:0:1 - - [20/Mar/2016:07:44:37 +0530] "GET /js/bootstrap.min.js HTTP/1.1" 200 36874
0:0:0:0:0:0:0:1 - - [20/Mar/2016:07:44:37 +0530] "GET /js/jquery-1.12.1.min.js HTTP/1.1" 200 97408
0:0:0:0:0:0:0:1 - - [20/Mar/2016:07:44:37 +0530] "GET /js/pagevalue.js HTTP/1.1" 200 921
0:0:0:0:0:0:0:1 - - [20/Mar/2016:07:44:37 +0530] "POST /getEngData HTTP/1.1" 200 9576
0:0:0:0:0:0:0:1 - - [20/Mar/2016:07:44:37 +0530] "GET /css/bootstrap-theme.min.css HTTP/1.1" 200 23414
0:0:0:0:0:0:0:1 - - [20/Mar/2016:07:44:37 +0530] "GET /css/style.css HTTP/1.1" 404 128
0:0:0:0:0:0:0:1 - - [20/Mar/2016:07:44:37 +0530] "GET /css/bootstrap.min.css HTTP/1.1" 200 121265
0:0:0:0:0:0:0:1 - - [20/Mar/2016:07:44:37 +0530] "GET /js/bootstrap.min.js HTTP/1.1" 200 36874
0:0:0:0:0:0:0:1 - - [20/Mar/2016:07:44:37 +0530] "GET /js/jquery-1.12.1.min.js HTTP/1.1" 200 97408
0:0:0:0:0:0:0:1 - - [20/Mar/2016:07:44:37 +0530] "GET /js/pagevalue.js HTTP/1.1" 200 921
0:0:0:0:0:0:0:1 - - [20/Mar/2016:07:44:38 +0530] "POST /getEngData HTTP/1.1" 200 9536
0:0:0:0:0:0:0:1 - - [20/Mar/2016:07:44:38 +0530] "GET /css/bootstrap-theme.min.css HTTP/1.1" 200 23414
0:0:0:0:0:0:0:1 - - [20/Mar/2016:07:44:38 +0530] "GET /css/style.css HTTP/1.1" 404 128
0:0:0:0:0:0:0:1 - - [20/Mar/2016:07:44:38 +0530] "GET /css/bootstrap.min.css HTTP/1.1" 200 121265
0:0:0:0:0:0:0:1 - - [20/Mar/2016:07:44:38 +0530] "GET /js/jquery-1.12.1.min.js HTTP/1.1" 200 97408
0:0:0:0:0:0:0:1 - - [20/Mar/2016:07:44:38 +0530] "GET /js/pagevalue.js HTTP/1.1" 200 921
0:0:0:0:0:0:0:1 - - [20/Mar/2016:07:44:38 +0530] "GET /js/bootstrap.min.js HTTP/1.1" 200 36874
0:0:0:0:0:0:0:1 - - [20/Mar/2016:07:44:38 +0530] "POST /getEngData HTTP/1.1" 200 9576
0:0:0:0:0:0:0:1 - - [20/Mar/2016:07:44:38 +0530] "GET /css/style.css HTTP/1.1" 404 128
0:0:0:0:0:0:0:1 - - [20/Mar/2016:07:44:38 +0530] "GET /css/bootstrap-theme.min.css HTTP/1.1" 200 23414
0:0:0:0:0:0:0:1 - - [20/Mar/2016:07:44:38 +0530] "GET /css/bootstrap.min.css HTTP/1.1" 200 121265
0:0:0:0:0:0:0:1 - - [20/Mar/2016:07:44:38 +0530] "GET /js/bootstrap.min.js HTTP/1.1" 200 36874
0:0:0:0:0:0:0:1 - - [20/Mar/2016:07:44:38 +0530] "GET /js/jquery-1.12.1.min.js HTTP/1.1" 200 97408
0:0:0:0:0:0:0:1 - - [20/Mar/2016:07:44:38 +0530] "GET /js/pagevalue.js HTTP/1.1" 200 921
0:0:0:0:0:0:0:1 - - [20/Mar/2016:07:44:38 +0530] "POST /getEngData HTTP/1.1" 200 9664
0:0:0:0:0:0:0:1 - - [20/Mar/2016:07:44:39 +0530] "GET /css/bootstrap-theme.min.css HTTP/1.1" 200 23414
0:0:0:0:0:0:0:1 - - [20/Mar/2016:07:44:39 +0530] "GET /css/style.css HTTP/1.1" 404 128
0:0:0:0:0:0:0:1 - - [20/Mar/2016:07:44:39 +0530] "GET /js/bootstrap.min.js HTTP/1.1" 200 36874
0:0:0:0:0:0:0:1 - - [20/Mar/2016:07:44:39 +0530] "GET /js/jquery-1.12.1.min.js HTTP/1.1" 200 97408
0:0:0:0:0:0:0:1 - - [20/Mar/2016:07:44:39 +0530] "GET /js/pagevalue.js HTTP/1.1" 200 921
0:0:0:0:0:0:0:1 - - [20/Mar/2016:07:44:39 +0530] "GET /css/bootstrap.min.css HTTP/1.1" 200 121265
0:0:0:0:0:0:0:1 - - [20/Mar/2016:07:44:39 +0530] "POST /getEngData HTTP/1.1" 200 9636
0:0:0:0:0:0:0:1 - - [20/Mar/2016:07:44:39 +0530] "GET /css/bootstrap-theme.min.css HTTP/1.1" 200 23414
0:0:0:0:0:0:0:1 - - [20/Mar/2016:07:44:39 +0530] "GET /css/style.css HTTP/1.1" 404 128
0:0:0:0:0:0:0:1 - - [20/Mar/2016:07:44:39 +0530] "GET /css/bootstrap.min.css HTTP/1.1" 200 121265
0:0:0:0:0:0:0:1 - - [20/Mar/2016:07:44:39 +0530] "GET /js/jquery-1.12.1.min.js HTTP/1.1" 200 97408
0:0:0:0:0:0:0:1 - - [20/Mar/2016:07:44:39 +0530] "GET /js/bootstrap.min.js HTTP/1.1" 200 36874
0:0:0:0:0:0:0:1 - - [20/Mar/2016:07:44:39 +0530] "GET /js/pagevalue.js HTTP/1.1" 200 921
0:0:0:0:0:0:0:1 - - [20/Mar/2016:07:44:39 +0530] "POST /getEngData HTTP/1.1" 200 9602
0:0:0:0:0:0:0:1 - - [20/Mar/2016:07:44:39 +0530] "GET /css/style.css HTTP/1.1" 404 128
0:0:0:0:0:0:0:1 - - [20/Mar/2016:07:44:39 +0530] "GET /css/bootstrap-theme.min.css HTTP/1.1" 200 23414
0:0:0:0:0:0:0:1 - - [20/Mar/2016:07:44:39 +0530] "GET /css/bootstrap.min.css HTTP/1.1" 200 121265
0:0:0:0:0:0:0:1 - - [20/Mar/2016:07:44:39 +0530] "GET /js/jquery-1.12.1.min.js HTTP/1.1" 200 97408
0:0:0:0:0:0:0:1 - - [20/Mar/2016:07:44:39 +0530] "GET /js/pagevalue.js HTTP/1.1" 200 921
0:0:0:0:0:0:0:1 - - [20/Mar/2016:07:44:39 +0530] "GET /js/bootstrap.min.js HTTP/1.1" 200 36874
0:0:0:0:0:0:0:1 - - [20/Mar/2016:07:44:40 +0530] "POST /getEngData HTTP/1.1" 200 9590
0:0:0:0:0:0:0:1 - - [20/Mar/2016:07:44:40 +0530] "GET /css/bootstrap-theme.min.css HTTP/1.1" 200 23414
0:0:0:0:0:0:0:1 - - [20/Mar/2016:07:44:40 +0530] "GET /css/bootstrap.min.css HTTP/1.1" 200 121265
0:0:0:0:0:0:0:1 - - [20/Mar/2016:07:44:40 +0530] "GET /css/style.css HTTP/1.1" 404 128
0:0:0:0:0:0:0:1 - - [20/Mar/2016:07:44:40 +0530] "GET /js/pagevalue.js HTTP/1.1" 200 921
0:0:0:0:0:0:0:1 - - [20/Mar/2016:07:44:40 +0530] "GET /js/jquery-1.12.1.min.js HTTP/1.1" 200 97408
0:0:0:0:0:0:0:1 - - [20/Mar/2016:07:44:40 +0530] "GET /js/bootstrap.min.js HTTP/1.1" 200 36874
0:0:0:0:0:0:0:1 - - [20/Mar/2016:07:44:40 +0530] "POST /getEngData HTTP/1.1" 200 9574
0:0:0:0:0:0:0:1 - - [20/Mar/2016:07:44:40 +0530] "GET /js/jquery-1.12.1.min.js HTTP/1.1" 200 97408
0:0:0:0:0:0:0:1 - - [20/Mar/2016:07:44:40 +0530] "GET /css/bootstrap.min.css HTTP/1.1" 200 121265
0:0:0:0:0:0:0:1 - - [20/Mar/2016:07:44:40 +0530] "GET /js/bootstrap.min.js HTTP/1.1" 200 36874
0:0:0:0:0:0:0:1 - - [20/Mar/2016:07:44:40 +0530] "GET /css/bootstrap-theme.min.css HTTP/1.1" 200 23414
0:0:0:0:0:0:0:1 - - [20/Mar/2016:07:44:40 +0530] "GET /css/style.css HTTP/1.1" 404 128
0:0:0:0:0:0:0:1 - - [20/Mar/2016:07:44:40 +0530] "GET /js/pagevalue.js HTTP/1.1" 200 921
0:0:0:0:0:0:0:1 - - [20/Mar/2016:07:44:41 +0530] "POST /getEngData HTTP/1.1" 200 9632
0:0:0:0:0:0:0:1 - - [20/Mar/2016:07:44:41 +0530] "GET /css/bootstrap-theme.min.css HTTP/1.1" 200 23414
0:0:0:0:0:0:0:1 - - [20/Mar/2016:07:44:41 +0530] "GET /css/style.css HTTP/1.1" 404 128
0:0:0:0:0:0:0:1 - - [20/Mar/2016:07:44:41 +0530] "GET /css/bootstrap.min.css HTTP/1.1" 200 121265
0:0:0:0:0:0:0:1 - - [20/Mar/2016:07:44:41 +0530] "GET /js/pagevalue.js HTTP/1.1" 200 921
0:0:0:0:0:0:0:1 - - [20/Mar/2016:07:44:41 +0530] "GET /js/bootstrap.min.js HTTP/1.1" 200 36874
0:0:0:0:0:0:0:1 - - [20/Mar/2016:07:44:41 +0530] "GET /js/jquery-1.12.1.min.js HTTP/1.1" 200 97408
0:0:0:0:0:0:0:1 - - [20/Mar/2016:07:44:41 +0530] "POST /getEngData HTTP/1.1" 200 9588
0:0:0:0:0:0:0:1 - - [20/Mar/2016:07:44:41 +0530] "GET /css/style.css HTTP/1.1" 404 128
0:0:0:0:0:0:0:1 - - [20/Mar/2016:07:44:41 +0530] "GET /css/bootstrap-theme.min.css HTTP/1.1" 200 23414
0:0:0:0:0:0:0:1 - - [20/Mar/2016:07:44:41 +0530] "GET /js/jquery-1.12.1.min.js HTTP/1.1" 200 97408
0:0:0:0:0:0:0:1 - - [20/Mar/2016:07:44:41 +0530] "GET /css/bootstrap.min.css HTTP/1.1" 200 121265
0:0:0:0:0:0:0:1 - - [20/Mar/2016:07:44:41 +0530] "GET /js/bootstrap.min.js HTTP/1.1" 200 36874
0:0:0:0:0:0:0:1 - - [20/Mar/2016:07:44:41 +0530] "GET /js/pagevalue.js HTTP/1.1" 200 921
0:0:0:0:0:0:0:1 - - [20/Mar/2016:07:44:42 +0530] "POST /getEngData HTTP/1.1" 200 9610
0:0:0:0:0:0:0:1 - - [20/Mar/2016:07:44:42 +0530] "GET /css/bootstrap-theme.min.css HTTP/1.1" 200 23414
0:0:0:0:0:0:0:1 - - [20/Mar/2016:07:44:42 +0530] "GET /css/style.css HTTP/1.1" 404 128
0:0:0:0:0:0:0:1 - - [20/Mar/2016:07:44:42 +0530] "GET /css/bootstrap.min.css HTTP/1.1" 200 121265
0:0:0:0:0:0:0:1 - - [20/Mar/2016:07:44:42 +0530] "GET /js/jquery-1.12.1.min.js HTTP/1.1" 200 97408
0:0:0:0:0:0:0:1 - - [20/Mar/2016:07:44:42 +0530] "GET /js/bootstrap.min.js HTTP/1.1" 200 36874
0:0:0:0:0:0:0:1 - - [20/Mar/2016:07:44:42 +0530] "GET /js/pagevalue.js HTTP/1.1" 200 921
0:0:0:0:0:0:0:1 - - [20/Mar/2016:07:44:42 +0530] "POST /getEngData HTTP/1.1" 200 9595
0:0:0:0:0:0:0:1 - - [20/Mar/2016:07:44:42 +0530] "GET /css/bootstrap-theme.min.css HTTP/1.1" 200 23414
0:0:0:0:0:0:0:1 - - [20/Mar/2016:07:44:42 +0530] "GET /js/jquery-1.12.1.min.js HTTP/1.1" 200 97408
0:0:0:0:0:0:0:1 - - [20/Mar/2016:07:44:42 +0530] "GET /css/bootstrap.min.css HTTP/1.1" 200 121265
0:0:0:0:0:0:0:1 - - [20/Mar/2016:07:44:42 +0530] "GET /css/style.css HTTP/1.1" 404 128
0:0:0:0:0:0:0:1 - - [20/Mar/2016:07:44:42 +0530] "GET /js/bootstrap.min.js HTTP/1.1" 200 36874
0:0:0:0:0:0:0:1 - - [20/Mar/2016:07:44:42 +0530] "GET /js/pagevalue.js HTTP/1.1" 200 921
0:0:0:0:0:0:0:1 - - [20/Mar/2016:07:44:43 +0530] "POST /getEngData HTTP/1.1" 200 9539
0:0:0:0:0:0:0:1 - - [20/Mar/2016:07:44:43 +0530] "GET /css/style.css HTTP/1.1" 404 128
0:0:0:0:0:0:0:1 - - [20/Mar/2016:07:44:43 +0530] "GET /css/bootstrap-theme.min.css HTTP/1.1" 200 23414
0:0:0:0:0:0:0:1 - - [20/Mar/2016:07:44:43 +0530] "GET /js/bootstrap.min.js HTTP/1.1" 200 36874
0:0:0:0:0:0:0:1 - - [20/Mar/2016:07:44:43 +0530] "GET /js/jquery-1.12.1.min.js HTTP/1.1" 200 97408
0:0:0:0:0:0:0:1 - - [20/Mar/2016:07:44:43 +0530] "GET /css/bootstrap.min.css HTTP/1.1" 200 121265
0:0:0:0:0:0:0:1 - - [20/Mar/2016:07:44:43 +0530] "GET /js/pagevalue.js HTTP/1.1" 200 921
0:0:0:0:0:0:0:1 - - [20/Mar/2016:07:44:43 +0530] "POST /getEngData HTTP/1.1" 200 9571
0:0:0:0:0:0:0:1 - - [20/Mar/2016:07:44:43 +0530] "GET /css/bootstrap-theme.min.css HTTP/1.1" 200 23414
0:0:0:0:0:0:0:1 - - [20/Mar/2016:07:44:43 +0530] "GET /css/style.css HTTP/1.1" 404 128
0:0:0:0:0:0:0:1 - - [20/Mar/2016:07:44:43 +0530] "GET /css/bootstrap.min.css HTTP/1.1" 200 121265
0:0:0:0:0:0:0:1 - - [20/Mar/2016:07:44:43 +0530] "GET /js/jquery-1.12.1.min.js HTTP/1.1" 200 97408
0:0:0:0:0:0:0:1 - - [20/Mar/2016:07:44:43 +0530] "GET /js/bootstrap.min.js HTTP/1.1" 200 36874
0:0:0:0:0:0:0:1 - - [20/Mar/2016:07:44:43 +0530] "GET /js/pagevalue.js HTTP/1.1" 200 921
0:0:0:0:0:0:0:1 - - [20/Mar/2016:07:44:43 +0530] "POST /getEngData HTTP/1.1" 200 9535
0:0:0:0:0:0:0:1 - - [20/Mar/2016:07:44:43 +0530] "GET /css/style.css HTTP/1.1" 404 128
0:0:0:0:0:0:0:1 - - [20/Mar/2016:07:44:43 +0530] "GET /css/bootstrap-theme.min.css HTTP/1.1" 200 23414
0:0:0:0:0:0:0:1 - - [20/Mar/2016:07:44:43 +0530] "GET /css/bootstrap.min.css HTTP/1.1" 200 121265
0:0:0:0:0:0:0:1 - - [20/Mar/2016:07:44:43 +0530] "GET /js/jquery-1.12.1.min.js HTTP/1.1" 200 97408
0:0:0:0:0:0:0:1 - - [20/Mar/2016:07:44:43 +0530] "GET /js/bootstrap.min.js HTTP/1.1" 200 36874
0:0:0:0:0:0:0:1 - - [20/Mar/2016:07:44:43 +0530] "GET /js/pagevalue.js HTTP/1.1" 200 921
0:0:0:0:0:0:0:1 - - [20/Mar/2016:07:44:44 +0530] "POST /getEngData HTTP/1.1" 200 9631
0:0:0:0:0:0:0:1 - - [20/Mar/2016:07:44:44 +0530] "GET /js/jquery-1.12.1.min.js HTTP/1.1" 200 97408
0:0:0:0:0:0:0:1 - - [20/Mar/2016:07:44:44 +0530] "GET /css/bootstrap.min.css HTTP/1.1" 200 121265
0:0:0:0:0:0:0:1 - - [20/Mar/2016:07:44:44 +0530] "GET /css/bootstrap-theme.min.css HTTP/1.1" 200 23414
0:0:0:0:0:0:0:1 - - [20/Mar/2016:07:44:44 +0530] "GET /js/bootstrap.min.js HTTP/1.1" 200 36874
0:0:0:0:0:0:0:1 - - [20/Mar/2016:07:44:44 +0530] "GET /css/style.css HTTP/1.1" 404 128
0:0:0:0:0:0:0:1 - - [20/Mar/2016:07:44:44 +0530] "GET /js/pagevalue.js HTTP/1.1" 200 921
0:0:0:0:0:0:0:1 - - [20/Mar/2016:07:44:44 +0530] "POST /getEngData HTTP/1.1" 200 9561
0:0:0:0:0:0:0:1 - - [20/Mar/2016:07:44:44 +0530] "GET /css/style.css HTTP/1.1" 404 128
0:0:0:0:0:0:0:1 - - [20/Mar/2016:07:44:44 +0530] "GET /css/bootstrap-theme.min.css HTTP/1.1" 200 23414
0:0:0:0:0:0:0:1 - - [20/Mar/2016:07:44:44 +0530] "GET /css/bootstrap.min.css HTTP/1.1" 200 121265
0:0:0:0:0:0:0:1 - - [20/Mar/2016:07:44:44 +0530] "GET /js/jquery-1.12.1.min.js HTTP/1.1" 200 97408
0:0:0:0:0:0:0:1 - - [20/Mar/2016:07:44:44 +0530] "GET /js/bootstrap.min.js HTTP/1.1" 200 36874
0:0:0:0:0:0:0:1 - - [20/Mar/2016:07:44:44 +0530] "GET /js/pagevalue.js HTTP/1.1" 200 921
0:0:0:0:0:0:0:1 - - [20/Mar/2016:07:44:45 +0530] "POST /getEngData HTTP/1.1" 200 9651
0:0:0:0:0:0:0:1 - - [20/Mar/2016:07:44:45 +0530] "GET /css/bootstrap-theme.min.css HTTP/1.1" 200 23414
0:0:0:0:0:0:0:1 - - [20/Mar/2016:07:44:45 +0530] "GET /css/style.css HTTP/1.1" 404 128
0:0:0:0:0:0:0:1 - - [20/Mar/2016:07:44:45 +0530] "GET /css/bootstrap.min.css HTTP/1.1" 200 121265
0:0:0:0:0:0:0:1 - - [20/Mar/2016:07:44:45 +0530] "GET /js/jquery-1.12.1.min.js HTTP/1.1" 200 97408
0:0:0:0:0:0:0:1 - - [20/Mar/2016:07:44:45 +0530] "GET /js/bootstrap.min.js HTTP/1.1" 200 36874
0:0:0:0:0:0:0:1 - - [20/Mar/2016:07:44:45 +0530] "GET /js/pagevalue.js HTTP/1.1" 200 921
0:0:0:0:0:0:0:1 - - [20/Mar/2016:07:44:45 +0530] "POST /getEngData HTTP/1.1" 200 9585
0:0:0:0:0:0:0:1 - - [20/Mar/2016:07:44:45 +0530] "GET /css/bootstrap.min.css HTTP/1.1" 200 121265
0:0:0:0:0:0:0:1 - - [20/Mar/2016:07:44:45 +0530] "GET /css/style.css HTTP/1.1" 404 128
0:0:0:0:0:0:0:1 - - [20/Mar/2016:07:44:45 +0530] "GET /css/bootstrap-theme.min.css HTTP/1.1" 200 23414
0:0:0:0:0:0:0:1 - - [20/Mar/2016:07:44:45 +0530] "GET /js/bootstrap.min.js HTTP/1.1" 200 36874
0:0:0:0:0:0:0:1 - - [20/Mar/2016:07:44:45 +0530] "GET /js/jquery-1.12.1.min.js HTTP/1.1" 200 97408
0:0:0:0:0:0:0:1 - - [20/Mar/2016:07:44:45 +0530] "GET /js/pagevalue.js HTTP/1.1" 200 921
0:0:0:0:0:0:0:1 - - [20/Mar/2016:07:52:28 +0530] "POST /getEngData HTTP/1.1" 500 1480
0:0:0:0:0:0:0:1 - - [20/Mar/2016:07:52:28 +0530] "GET /css/bootstrap.min.css HTTP/1.1" 200 121265
0:0:0:0:0:0:0:1 - - [20/Mar/2016:07:52:28 +0530] "GET /js/jquery-1.12.1.min.js HTTP/1.1" 200 97408
0:0:0:0:0:0:0:1 - - [20/Mar/2016:07:52:28 +0530] "GET /css/bootstrap-theme.min.css HTTP/1.1" 200 23414
0:0:0:0:0:0:0:1 - - [20/Mar/2016:07:52:28 +0530] "GET /js/pagevalue.js HTTP/1.1" 200 921
0:0:0:0:0:0:0:1 - - [20/Mar/2016:07:52:28 +0530] "GET /js/bootstrap.min.js HTTP/1.1" 200 36874
0:0:0:0:0:0:0:1 - - [20/Mar/2016:07:52:28 +0530] "GET /css/style.css HTTP/1.1" 404 128
0:0:0:0:0:0:0:1 - - [20/Mar/2016:07:52:29 +0530] "GET /engineering HTTP/1.1" 200 7020
0:0:0:0:0:0:0:1 - - [20/Mar/2016:07:52:29 +0530] "GET /js/bootstrap.min.js HTTP/1.1" 200 36874
0:0:0:0:0:0:0:1 - - [20/Mar/2016:07:52:29 +0530] "GET /css/bootstrap.min.css HTTP/1.1" 200 121265
0:0:0:0:0:0:0:1 - - [20/Mar/2016:07:52:29 +0530] "GET /js/jquery-1.12.1.min.js HTTP/1.1" 200 97408
0:0:0:0:0:0:0:1 - - [20/Mar/2016:07:52:29 +0530] "GET /css/bootstrap-theme.min.css HTTP/1.1" 200 23414
0:0:0:0:0:0:0:1 - - [20/Mar/2016:07:52:29 +0530] "GET /js/pagevalue.js HTTP/1.1" 200 921
0:0:0:0:0:0:0:1 - - [20/Mar/2016:07:52:29 +0530] "GET /css/style.css HTTP/1.1" 404 128
0:0:0:0:0:0:0:1 - - [20/Mar/2016:07:52:51 +0530] "POST /getEngData HTTP/1.1" 200 9486
0:0:0:0:0:0:0:1 - - [20/Mar/2016:07:52:51 +0530] "GET /css/style.css HTTP/1.1" 404 128
0:0:0:0:0:0:0:1 - - [20/Mar/2016:07:52:51 +0530] "GET /css/bootstrap-theme.min.css HTTP/1.1" 200 23414
0:0:0:0:0:0:0:1 - - [20/Mar/2016:07:52:51 +0530] "GET /css/bootstrap.min.css HTTP/1.1" 200 121265
0:0:0:0:0:0:0:1 - - [20/Mar/2016:07:52:51 +0530] "GET /js/bootstrap.min.js HTTP/1.1" 200 36874
0:0:0:0:0:0:0:1 - - [20/Mar/2016:07:52:51 +0530] "GET /js/pagevalue.js HTTP/1.1" 200 921
0:0:0:0:0:0:0:1 - - [20/Mar/2016:07:52:51 +0530] "GET /js/jquery-1.12.1.min.js HTTP/1.1" 200 97408
0:0:0:0:0:0:0:1 - - [20/Mar/2016:07:53:02 +0530] "POST /getEngData HTTP/1.1" 200 9483
0:0:0:0:0:0:0:1 - - [20/Mar/2016:07:53:02 +0530] "GET /css/bootstrap-theme.min.css HTTP/1.1" 200 23414
0:0:0:0:0:0:0:1 - - [20/Mar/2016:07:53:02 +0530] "GET /css/bootstrap.min.css HTTP/1.1" 200 121265
0:0:0:0:0:0:0:1 - - [20/Mar/2016:07:53:02 +0530] "GET /js/jquery-1.12.1.min.js HTTP/1.1" 200 97408
0:0:0:0:0:0:0:1 - - [20/Mar/2016:07:53:02 +0530] "GET /js/bootstrap.min.js HTTP/1.1" 200 36874
0:0:0:0:0:0:0:1 - - [20/Mar/2016:07:53:02 +0530] "GET /css/style.css HTTP/1.1" 404 128
0:0:0:0:0:0:0:1 - - [20/Mar/2016:07:53:02 +0530] "GET /js/pagevalue.js HTTP/1.1" 200 921
0:0:0:0:0:0:0:1 - - [20/Mar/2016:07:53:06 +0530] "POST /getEngData HTTP/1.1" 200 9486
0:0:0:0:0:0:0:1 - - [20/Mar/2016:07:53:06 +0530] "GET /css/bootstrap-theme.min.css HTTP/1.1" 200 23414
0:0:0:0:0:0:0:1 - - [20/Mar/2016:07:53:06 +0530] "GET /css/bootstrap.min.css HTTP/1.1" 200 121265
0:0:0:0:0:0:0:1 - - [20/Mar/2016:07:53:06 +0530] "GET /js/jquery-1.12.1.min.js HTTP/1.1" 200 97408
0:0:0:0:0:0:0:1 - - [20/Mar/2016:07:53:06 +0530] "GET /js/bootstrap.min.js HTTP/1.1" 200 36874
0:0:0:0:0:0:0:1 - - [20/Mar/2016:07:53:06 +0530] "GET /css/style.css HTTP/1.1" 404 128
0:0:0:0:0:0:0:1 - - [20/Mar/2016:07:53:06 +0530] "GET /js/pagevalue.js HTTP/1.1" 200 921
0:0:0:0:0:0:0:1 - - [20/Mar/2016:07:53:10 +0530] "POST /getEngData HTTP/1.1" 200 9486
0:0:0:0:0:0:0:1 - - [20/Mar/2016:07:53:10 +0530] "GET /css/style.css HTTP/1.1" 404 128
0:0:0:0:0:0:0:1 - - [20/Mar/2016:07:53:10 +0530] "GET /css/bootstrap-theme.min.css HTTP/1.1" 200 23414
0:0:0:0:0:0:0:1 - - [20/Mar/2016:07:53:10 +0530] "GET /css/bootstrap.min.css HTTP/1.1" 200 121265
0:0:0:0:0:0:0:1 - - [20/Mar/2016:07:53:10 +0530] "GET /js/pagevalue.js HTTP/1.1" 200 921
0:0:0:0:0:0:0:1 - - [20/Mar/2016:07:53:10 +0530] "GET /js/bootstrap.min.js HTTP/1.1" 200 36874
0:0:0:0:0:0:0:1 - - [20/Mar/2016:07:53:10 +0530] "GET /js/jquery-1.12.1.min.js HTTP/1.1" 200 97408
0:0:0:0:0:0:0:1 - - [20/Mar/2016:07:53:39 +0530] "POST /getEngData HTTP/1.1" 200 9534
0:0:0:0:0:0:0:1 - - [20/Mar/2016:07:53:39 +0530] "GET /js/jquery-1.12.1.min.js HTTP/1.1" 200 97408
0:0:0:0:0:0:0:1 - - [20/Mar/2016:07:53:39 +0530] "GET /css/bootstrap-theme.min.css HTTP/1.1" 200 23414
0:0:0:0:0:0:0:1 - - [20/Mar/2016:07:53:39 +0530] "GET /css/bootstrap.min.css HTTP/1.1" 200 121265
0:0:0:0:0:0:0:1 - - [20/Mar/2016:07:53:39 +0530] "GET /css/style.css HTTP/1.1" 404 128
0:0:0:0:0:0:0:1 - - [20/Mar/2016:07:53:39 +0530] "GET /js/bootstrap.min.js HTTP/1.1" 200 36874
0:0:0:0:0:0:0:1 - - [20/Mar/2016:07:53:39 +0530] "GET /js/pagevalue.js HTTP/1.1" 200 921
0:0:0:0:0:0:0:1 - - [20/Mar/2016:07:53:48 +0530] "POST /getEngData HTTP/1.1" 200 9576
0:0:0:0:0:0:0:1 - - [20/Mar/2016:07:53:49 +0530] "GET /css/bootstrap-theme.min.css HTTP/1.1" 200 23414
0:0:0:0:0:0:0:1 - - [20/Mar/2016:07:53:49 +0530] "GET /css/style.css HTTP/1.1" 404 128
0:0:0:0:0:0:0:1 - - [20/Mar/2016:07:53:49 +0530] "GET /css/bootstrap.min.css HTTP/1.1" 200 121265
0:0:0:0:0:0:0:1 - - [20/Mar/2016:07:53:49 +0530] "GET /js/jquery-1.12.1.min.js HTTP/1.1" 200 97408
0:0:0:0:0:0:0:1 - - [20/Mar/2016:07:53:49 +0530] "GET /js/pagevalue.js HTTP/1.1" 200 921
0:0:0:0:0:0:0:1 - - [20/Mar/2016:07:53:49 +0530] "GET /js/bootstrap.min.js HTTP/1.1" 200 36874
0:0:0:0:0:0:0:1 - - [20/Mar/2016:07:53:55 +0530] "POST /getEngData HTTP/1.1" 200 9464
0:0:0:0:0:0:0:1 - - [20/Mar/2016:07:53:55 +0530] "GET /css/bootstrap-theme.min.css HTTP/1.1" 200 23414
0:0:0:0:0:0:0:1 - - [20/Mar/2016:07:53:55 +0530] "GET /css/style.css HTTP/1.1" 404 128
0:0:0:0:0:0:0:1 - - [20/Mar/2016:07:53:55 +0530] "GET /js/jquery-1.12.1.min.js HTTP/1.1" 200 97408
0:0:0:0:0:0:0:1 - - [20/Mar/2016:07:53:55 +0530] "GET /js/bootstrap.min.js HTTP/1.1" 200 36874
0:0:0:0:0:0:0:1 - - [20/Mar/2016:07:53:55 +0530] "GET /css/bootstrap.min.css HTTP/1.1" 200 121265
0:0:0:0:0:0:0:1 - - [20/Mar/2016:07:53:55 +0530] "GET /js/pagevalue.js HTTP/1.1" 200 921
0:0:0:0:0:0:0:1 - - [20/Mar/2016:07:54:03 +0530] "POST /getEngData HTTP/1.1" 200 9464
0:0:0:0:0:0:0:1 - - [20/Mar/2016:07:54:03 +0530] "GET /css/style.css HTTP/1.1" 404 128
0:0:0:0:0:0:0:1 - - [20/Mar/2016:07:54:03 +0530] "GET /css/bootstrap-theme.min.css HTTP/1.1" 200 23414
0:0:0:0:0:0:0:1 - - [20/Mar/2016:07:54:03 +0530] "GET /css/bootstrap.min.css HTTP/1.1" 200 121265
0:0:0:0:0:0:0:1 - - [20/Mar/2016:07:54:03 +0530] "GET /js/jquery-1.12.1.min.js HTTP/1.1" 200 97408
0:0:0:0:0:0:0:1 - - [20/Mar/2016:07:54:03 +0530] "GET /js/pagevalue.js HTTP/1.1" 200 921
0:0:0:0:0:0:0:1 - - [20/Mar/2016:07:54:03 +0530] "GET /js/bootstrap.min.js HTTP/1.1" 200 36874
0:0:0:0:0:0:0:1 - - [20/Mar/2016:07:54:06 +0530] "POST /getEngData HTTP/1.1" 200 9464
0:0:0:0:0:0:0:1 - - [20/Mar/2016:07:54:06 +0530] "GET /css/bootstrap.min.css HTTP/1.1" 200 121265
0:0:0:0:0:0:0:1 - - [20/Mar/2016:07:54:06 +0530] "GET /css/bootstrap-theme.min.css HTTP/1.1" 200 23414
0:0:0:0:0:0:0:1 - - [20/Mar/2016:07:54:06 +0530] "GET /js/jquery-1.12.1.min.js HTTP/1.1" 200 97408
0:0:0:0:0:0:0:1 - - [20/Mar/2016:07:54:06 +0530] "GET /css/style.css HTTP/1.1" 404 128
0:0:0:0:0:0:0:1 - - [20/Mar/2016:07:54:06 +0530] "GET /js/pagevalue.js HTTP/1.1" 200 921
0:0:0:0:0:0:0:1 - - [20/Mar/2016:07:54:06 +0530] "GET /js/bootstrap.min.js HTTP/1.1" 200 36874
0:0:0:0:0:0:0:1 - - [20/Mar/2016:07:54:09 +0530] "POST /getEngData HTTP/1.1" 200 9500
0:0:0:0:0:0:0:1 - - [20/Mar/2016:07:54:09 +0530] "GET /css/bootstrap-theme.min.css HTTP/1.1" 200 23414
0:0:0:0:0:0:0:1 - - [20/Mar/2016:07:54:09 +0530] "GET /js/pagevalue.js HTTP/1.1" 200 921
0:0:0:0:0:0:0:1 - - [20/Mar/2016:07:54:09 +0530] "GET /css/style.css HTTP/1.1" 404 128
0:0:0:0:0:0:0:1 - - [20/Mar/2016:07:54:09 +0530] "GET /js/jquery-1.12.1.min.js HTTP/1.1" 200 97408
0:0:0:0:0:0:0:1 - - [20/Mar/2016:07:54:09 +0530] "GET /css/bootstrap.min.css HTTP/1.1" 200 121265
0:0:0:0:0:0:0:1 - - [20/Mar/2016:07:54:09 +0530] "GET /js/bootstrap.min.js HTTP/1.1" 200 36874
0:0:0:0:0:0:0:1 - - [20/Mar/2016:07:54:28 +0530] "POST /getEngData HTTP/1.1" 200 9518
0:0:0:0:0:0:0:1 - - [20/Mar/2016:07:54:28 +0530] "GET /css/bootstrap-theme.min.css HTTP/1.1" 200 23414
0:0:0:0:0:0:0:1 - - [20/Mar/2016:07:54:28 +0530] "GET /css/style.css HTTP/1.1" 404 128
0:0:0:0:0:0:0:1 - - [20/Mar/2016:07:54:28 +0530] "GET /css/bootstrap.min.css HTTP/1.1" 200 121265
0:0:0:0:0:0:0:1 - - [20/Mar/2016:07:54:28 +0530] "GET /js/jquery-1.12.1.min.js HTTP/1.1" 200 97408
0:0:0:0:0:0:0:1 - - [20/Mar/2016:07:54:28 +0530] "GET /js/bootstrap.min.js HTTP/1.1" 200 36874
0:0:0:0:0:0:0:1 - - [20/Mar/2016:07:54:28 +0530] "GET /js/pagevalue.js HTTP/1.1" 200 921
0:0:0:0:0:0:0:1 - - [20/Mar/2016:07:54:42 +0530] "POST /getEngData HTTP/1.1" 200 9548
0:0:0:0:0:0:0:1 - - [20/Mar/2016:07:54:42 +0530] "GET /css/bootstrap.min.css HTTP/1.1" 200 121265
0:0:0:0:0:0:0:1 - - [20/Mar/2016:07:54:42 +0530] "GET /css/bootstrap-theme.min.css HTTP/1.1" 200 23414
0:0:0:0:0:0:0:1 - - [20/Mar/2016:07:54:42 +0530] "GET /js/jquery-1.12.1.min.js HTTP/1.1" 200 97408
0:0:0:0:0:0:0:1 - - [20/Mar/2016:07:54:42 +0530] "GET /js/bootstrap.min.js HTTP/1.1" 200 36874
0:0:0:0:0:0:0:1 - - [20/Mar/2016:07:54:42 +0530] "GET /js/pagevalue.js HTTP/1.1" 200 921
0:0:0:0:0:0:0:1 - - [20/Mar/2016:07:54:42 +0530] "GET /css/style.css HTTP/1.1" 404 128
0:0:0:0:0:0:0:1 - - [20/Mar/2016:07:54:48 +0530] "POST /getEngData HTTP/1.1" 200 9586
0:0:0:0:0:0:0:1 - - [20/Mar/2016:07:54:48 +0530] "GET /css/bootstrap-theme.min.css HTTP/1.1" 200 23414
0:0:0:0:0:0:0:1 - - [20/Mar/2016:07:54:48 +0530] "GET /css/bootstrap.min.css HTTP/1.1" 200 121265
0:0:0:0:0:0:0:1 - - [20/Mar/2016:07:54:48 +0530] "GET /css/style.css HTTP/1.1" 404 128
0:0:0:0:0:0:0:1 - - [20/Mar/2016:07:54:48 +0530] "GET /js/bootstrap.min.js HTTP/1.1" 200 36874
0:0:0:0:0:0:0:1 - - [20/Mar/2016:07:54:48 +0530] "GET /js/jquery-1.12.1.min.js HTTP/1.1" 200 97408
0:0:0:0:0:0:0:1 - - [20/Mar/2016:07:54:48 +0530] "GET /js/pagevalue.js HTTP/1.1" 200 921
0:0:0:0:0:0:0:1 - - [20/Mar/2016:07:54:50 +0530] "POST /getEngData HTTP/1.1" 200 8650
0:0:0:0:0:0:0:1 - - [20/Mar/2016:07:54:50 +0530] "GET /css/bootstrap-theme.min.css HTTP/1.1" 200 23414
0:0:0:0:0:0:0:1 - - [20/Mar/2016:07:54:50 +0530] "GET /css/style.css HTTP/1.1" 404 128
0:0:0:0:0:0:0:1 - - [20/Mar/2016:07:54:50 +0530] "GET /css/bootstrap.min.css HTTP/1.1" 200 121265
0:0:0:0:0:0:0:1 - - [20/Mar/2016:07:54:50 +0530] "GET /js/jquery-1.12.1.min.js HTTP/1.1" 200 97408
0:0:0:0:0:0:0:1 - - [20/Mar/2016:07:54:50 +0530] "GET /js/bootstrap.min.js HTTP/1.1" 200 36874
0:0:0:0:0:0:0:1 - - [20/Mar/2016:07:54:50 +0530] "GET /js/pagevalue.js HTTP/1.1" 200 921
0:0:0:0:0:0:0:1 - - [20/Mar/2016:07:59:33 +0530] "POST /getEngData HTTP/1.1" 200 9586
0:0:0:0:0:0:0:1 - - [20/Mar/2016:07:59:33 +0530] "GET /css/bootstrap-theme.min.css HTTP/1.1" 200 23414
0:0:0:0:0:0:0:1 - - [20/Mar/2016:07:59:33 +0530] "GET /css/bootstrap.min.css HTTP/1.1" 200 121265
0:0:0:0:0:0:0:1 - - [20/Mar/2016:07:59:33 +0530] "GET /css/style.css HTTP/1.1" 404 128
0:0:0:0:0:0:0:1 - - [20/Mar/2016:07:59:33 +0530] "GET /js/jquery-1.12.1.min.js HTTP/1.1" 200 97408
0:0:0:0:0:0:0:1 - - [20/Mar/2016:07:59:33 +0530] "GET /js/pagevalue.js HTTP/1.1" 200 921
0:0:0:0:0:0:0:1 - - [20/Mar/2016:07:59:33 +0530] "GET /js/bootstrap.min.js HTTP/1.1" 200 36874
0:0:0:0:0:0:0:1 - - [20/Mar/2016:07:59:36 +0530] "POST /getEngData HTTP/1.1" 200 8644
0:0:0:0:0:0:0:1 - - [20/Mar/2016:07:59:36 +0530] "GET /css/bootstrap-theme.min.css HTTP/1.1" 200 23414
0:0:0:0:0:0:0:1 - - [20/Mar/2016:07:59:36 +0530] "GET /css/bootstrap.min.css HTTP/1.1" 200 121265
0:0:0:0:0:0:0:1 - - [20/Mar/2016:07:59:36 +0530] "GET /js/jquery-1.12.1.min.js HTTP/1.1" 200 97408
0:0:0:0:0:0:0:1 - - [20/Mar/2016:07:59:36 +0530] "GET /css/style.css HTTP/1.1" 404 128
0:0:0:0:0:0:0:1 - - [20/Mar/2016:07:59:36 +0530] "GET /js/bootstrap.min.js HTTP/1.1" 200 36874
0:0:0:0:0:0:0:1 - - [20/Mar/2016:07:59:36 +0530] "GET /js/pagevalue.js HTTP/1.1" 200 921
0:0:0:0:0:0:0:1 - - [20/Mar/2016:08:13:11 +0530] "GET /agricultural HTTP/1.1" 200 4789
0:0:0:0:0:0:0:1 - - [20/Mar/2016:08:13:11 +0530] "GET /js/pagevalue.js HTTP/1.1" 200 921
0:0:0:0:0:0:0:1 - - [20/Mar/2016:08:13:11 +0530] "GET /js/jquery-1.12.1.min.js HTTP/1.1" 200 97408
0:0:0:0:0:0:0:1 - - [20/Mar/2016:08:13:11 +0530] "GET /css/bootstrap.min.css HTTP/1.1" 200 121265
0:0:0:0:0:0:0:1 - - [20/Mar/2016:08:13:11 +0530] "GET /css/bootstrap-theme.min.css HTTP/1.1" 200 23414
0:0:0:0:0:0:0:1 - - [20/Mar/2016:08:13:11 +0530] "GET /js/bootstrap.min.js HTTP/1.1" 200 36874
0:0:0:0:0:0:0:1 - - [20/Mar/2016:08:13:11 +0530] "GET /css/style.css HTTP/1.1" 404 128
0:0:0:0:0:0:0:1 - - [20/Mar/2016:08:13:17 +0530] "POST /getAgriculturalData HTTP/1.1" 200 7242
0:0:0:0:0:0:0:1 - - [20/Mar/2016:08:13:17 +0530] "GET /js/bootstrap.min.js HTTP/1.1" 200 36874
0:0:0:0:0:0:0:1 - - [20/Mar/2016:08:13:17 +0530] "GET /css/bootstrap.min.css HTTP/1.1" 200 121265
0:0:0:0:0:0:0:1 - - [20/Mar/2016:08:13:17 +0530] "GET /css/bootstrap-theme.min.css HTTP/1.1" 200 23414
0:0:0:0:0:0:0:1 - - [20/Mar/2016:08:13:17 +0530] "GET /js/pagevalue.js HTTP/1.1" 200 921
0:0:0:0:0:0:0:1 - - [20/Mar/2016:08:13:17 +0530] "GET /js/jquery-1.12.1.min.js HTTP/1.1" 200 97408
0:0:0:0:0:0:0:1 - - [20/Mar/2016:08:13:17 +0530] "GET /css/style.css HTTP/1.1" 404 128
0:0:0:0:0:0:0:1 - - [20/Mar/2016:08:13:27 +0530] "POST /getAgriculturalData HTTP/1.1" 200 5972
0:0:0:0:0:0:0:1 - - [20/Mar/2016:08:13:27 +0530] "GET /css/bootstrap-theme.min.css HTTP/1.1" 200 23414
0:0:0:0:0:0:0:1 - - [20/Mar/2016:08:13:27 +0530] "GET /css/bootstrap.min.css HTTP/1.1" 200 121265
0:0:0:0:0:0:0:1 - - [20/Mar/2016:08:13:27 +0530] "GET /js/jquery-1.12.1.min.js HTTP/1.1" 200 97408
0:0:0:0:0:0:0:1 - - [20/Mar/2016:08:13:27 +0530] "GET /js/bootstrap.min.js HTTP/1.1" 200 36874
0:0:0:0:0:0:0:1 - - [20/Mar/2016:08:13:27 +0530] "GET /css/style.css HTTP/1.1" 404 128
0:0:0:0:0:0:0:1 - - [20/Mar/2016:08:13:27 +0530] "GET /js/pagevalue.js HTTP/1.1" 200 921
0:0:0:0:0:0:0:1 - - [20/Mar/2016:08:13:38 +0530] "GET /medical HTTP/1.1" 200 5085
0:0:0:0:0:0:0:1 - - [20/Mar/2016:08:13:38 +0530] "GET /css/bootstrap-theme.min.css HTTP/1.1" 200 23414
0:0:0:0:0:0:0:1 - - [20/Mar/2016:08:13:38 +0530] "GET /css/bootstrap.min.css HTTP/1.1" 200 121265
0:0:0:0:0:0:0:1 - - [20/Mar/2016:08:13:38 +0530] "GET /js/bootstrap.min.js HTTP/1.1" 200 36874
0:0:0:0:0:0:0:1 - - [20/Mar/2016:08:13:38 +0530] "GET /js/jquery-1.12.1.min.js HTTP/1.1" 200 97408
0:0:0:0:0:0:0:1 - - [20/Mar/2016:08:13:38 +0530] "GET /css/style.css HTTP/1.1" 404 128
0:0:0:0:0:0:0:1 - - [20/Mar/2016:08:13:38 +0530] "GET /js/pagevalue.js HTTP/1.1" 200 921
0:0:0:0:0:0:0:1 - - [20/Mar/2016:08:13:48 +0530] "POST /getMedData HTTP/1.1" 200 5150
0:0:0:0:0:0:0:1 - - [20/Mar/2016:08:13:48 +0530] "GET /css/bootstrap-theme.min.css HTTP/1.1" 200 23414
0:0:0:0:0:0:0:1 - - [20/Mar/2016:08:13:48 +0530] "GET /js/jquery-1.12.1.min.js HTTP/1.1" 200 97408
0:0:0:0:0:0:0:1 - - [20/Mar/2016:08:13:48 +0530] "GET /css/style.css HTTP/1.1" 404 128
0:0:0:0:0:0:0:1 - - [20/Mar/2016:08:13:48 +0530] "GET /js/pagevalue.js HTTP/1.1" 200 921
0:0:0:0:0:0:0:1 - - [20/Mar/2016:08:13:48 +0530] "GET /css/bootstrap.min.css HTTP/1.1" 200 121265
0:0:0:0:0:0:0:1 - - [20/Mar/2016:08:13:48 +0530] "GET /js/bootstrap.min.js HTTP/1.1" 200 36874
0:0:0:0:0:0:0:1 - - [20/Mar/2016:08:13:52 +0530] "POST /getMedData HTTP/1.1" 200 5150
0:0:0:0:0:0:0:1 - - [20/Mar/2016:08:13:52 +0530] "GET /css/bootstrap.min.css HTTP/1.1" 200 121265
0:0:0:0:0:0:0:1 - - [20/Mar/2016:08:13:52 +0530] "GET /css/bootstrap-theme.min.css HTTP/1.1" 200 23414
0:0:0:0:0:0:0:1 - - [20/Mar/2016:08:13:52 +0530] "GET /js/pagevalue.js HTTP/1.1" 200 921
0:0:0:0:0:0:0:1 - - [20/Mar/2016:08:13:52 +0530] "GET /js/jquery-1.12.1.min.js HTTP/1.1" 200 97408
0:0:0:0:0:0:0:1 - - [20/Mar/2016:08:13:52 +0530] "GET /js/bootstrap.min.js HTTP/1.1" 200 36874
0:0:0:0:0:0:0:1 - - [20/Mar/2016:08:13:52 +0530] "GET /css/style.css HTTP/1.1" 404 128
0:0:0:0:0:0:0:1 - - [20/Mar/2016:08:13:55 +0530] "POST /getMedData HTTP/1.1" 200 5150
0:0:0:0:0:0:0:1 - - [20/Mar/2016:08:13:55 +0530] "GET /css/style.css HTTP/1.1" 404 128
0:0:0:0:0:0:0:1 - - [20/Mar/2016:08:13:55 +0530] "GET /css/bootstrap.min.css HTTP/1.1" 200 121265
0:0:0:0:0:0:0:1 - - [20/Mar/2016:08:13:55 +0530] "GET /css/bootstrap-theme.min.css HTTP/1.1" 200 23414
0:0:0:0:0:0:0:1 - - [20/Mar/2016:08:13:55 +0530] "GET /js/jquery-1.12.1.min.js HTTP/1.1" 200 97408
0:0:0:0:0:0:0:1 - - [20/Mar/2016:08:13:55 +0530] "GET /js/bootstrap.min.js HTTP/1.1" 200 36874
0:0:0:0:0:0:0:1 - - [20/Mar/2016:08:13:55 +0530] "GET /js/pagevalue.js HTTP/1.1" 200 921
0:0:0:0:0:0:0:1 - - [20/Mar/2016:08:13:58 +0530] "POST /getMedData HTTP/1.1" 200 7523
0:0:0:0:0:0:0:1 - - [20/Mar/2016:08:13:58 +0530] "GET /css/style.css HTTP/1.1" 404 128
0:0:0:0:0:0:0:1 - - [20/Mar/2016:08:13:58 +0530] "GET /css/bootstrap.min.css HTTP/1.1" 200 121265
0:0:0:0:0:0:0:1 - - [20/Mar/2016:08:13:58 +0530] "GET /css/bootstrap-theme.min.css HTTP/1.1" 200 23414
0:0:0:0:0:0:0:1 - - [20/Mar/2016:08:13:58 +0530] "GET /js/jquery-1.12.1.min.js HTTP/1.1" 200 97408
0:0:0:0:0:0:0:1 - - [20/Mar/2016:08:13:58 +0530] "GET /js/bootstrap.min.js HTTP/1.1" 200 36874
0:0:0:0:0:0:0:1 - - [20/Mar/2016:08:13:58 +0530] "GET /js/pagevalue.js HTTP/1.1" 200 921
0:0:0:0:0:0:0:1 - - [20/Mar/2016:08:18:14 +0530] "POST /getMedData HTTP/1.1" 200 7624
0:0:0:0:0:0:0:1 - - [20/Mar/2016:08:18:14 +0530] "GET /css/style.css HTTP/1.1" 404 128
0:0:0:0:0:0:0:1 - - [20/Mar/2016:08:18:14 +0530] "GET /js/jquery-1.12.1.min.js HTTP/1.1" 200 97408
0:0:0:0:0:0:0:1 - - [20/Mar/2016:08:18:14 +0530] "GET /css/bootstrap.min.css HTTP/1.1" 200 121265
0:0:0:0:0:0:0:1 - - [20/Mar/2016:08:18:14 +0530] "GET /css/bootstrap-theme.min.css HTTP/1.1" 200 23414
0:0:0:0:0:0:0:1 - - [20/Mar/2016:08:18:14 +0530] "GET /js/bootstrap.min.js HTTP/1.1" 200 36874
0:0:0:0:0:0:0:1 - - [20/Mar/2016:08:18:14 +0530] "GET /js/pagevalue.js HTTP/1.1" 200 921
0:0:0:0:0:0:0:1 - - [20/Mar/2016:08:18:20 +0530] "POST /getMedData HTTP/1.1" 200 7600
0:0:0:0:0:0:0:1 - - [20/Mar/2016:08:18:20 +0530] "GET /css/bootstrap-theme.min.css HTTP/1.1" 200 23414
0:0:0:0:0:0:0:1 - - [20/Mar/2016:08:18:20 +0530] "GET /css/style.css HTTP/1.1" 404 128
0:0:0:0:0:0:0:1 - - [20/Mar/2016:08:18:20 +0530] "GET /css/bootstrap.min.css HTTP/1.1" 200 121265
0:0:0:0:0:0:0:1 - - [20/Mar/2016:08:18:20 +0530] "GET /js/bootstrap.min.js HTTP/1.1" 200 36874
0:0:0:0:0:0:0:1 - - [20/Mar/2016:08:18:20 +0530] "GET /js/jquery-1.12.1.min.js HTTP/1.1" 200 97408
0:0:0:0:0:0:0:1 - - [20/Mar/2016:08:18:20 +0530] "GET /js/pagevalue.js HTTP/1.1" 200 921
0:0:0:0:0:0:0:1 - - [20/Mar/2016:08:19:59 +0530] "GET /home HTTP/1.1" 200 4457
0:0:0:0:0:0:0:1 - - [20/Mar/2016:08:19:59 +0530] "GET /css/bootstrap-theme.min.css HTTP/1.1" 200 23414
0:0:0:0:0:0:0:1 - - [20/Mar/2016:08:19:59 +0530] "GET /css/bootstrap.min.css HTTP/1.1" 200 121265
0:0:0:0:0:0:0:1 - - [20/Mar/2016:08:19:59 +0530] "GET /js/pagevalue.js HTTP/1.1" 200 921
0:0:0:0:0:0:0:1 - - [20/Mar/2016:08:19:59 +0530] "GET /js/bootstrap.min.js HTTP/1.1" 200 36874
0:0:0:0:0:0:0:1 - - [20/Mar/2016:08:19:59 +0530] "GET /css/style.css HTTP/1.1" 404 128
0:0:0:0:0:0:0:1 - - [20/Mar/2016:08:19:59 +0530] "GET /js/jquery-1.12.1.min.js HTTP/1.1" 200 97408
0:0:0:0:0:0:0:1 - - [20/Mar/2016:08:20:00 +0530] "GET /map.png HTTP/1.1" 200 145368
0:0:0:0:0:0:0:1 - - [20/Mar/2016:08:20:01 +0530] "GET /getDistrictData/KNL HTTP/1.1" 200 6685
0:0:0:0:0:0:0:1 - - [20/Mar/2016:08:20:01 +0530] "GET /css/bootstrap-theme.min.css HTTP/1.1" 200 23414
0:0:0:0:0:0:0:1 - - [20/Mar/2016:08:20:01 +0530] "GET /js/jquery-1.12.1.min.js HTTP/1.1" 200 97408
0:0:0:0:0:0:0:1 - - [20/Mar/2016:08:20:01 +0530] "GET /css/bootstrap.min.css HTTP/1.1" 200 121265
0:0:0:0:0:0:0:1 - - [20/Mar/2016:08:20:01 +0530] "GET /js/pagevalue.js HTTP/1.1" 200 921
0:0:0:0:0:0:0:1 - - [20/Mar/2016:08:20:01 +0530] "GET /css/style.css HTTP/1.1" 404 128
0:0:0:0:0:0:0:1 - - [20/Mar/2016:08:20:01 +0530] "GET /js/bootstrap.min.js HTTP/1.1" 200 36874
0:0:0:0:0:0:0:1 - - [20/Mar/2016:08:20:01 +0530] "GET /map.png HTTP/1.1" 200 145368
0:0:0:0:0:0:0:1 - - [20/Mar/2016:08:21:20 +0530] "GET /getDistrictData/ATP HTTP/1.1" 200 6655
0:0:0:0:0:0:0:1 - - [20/Mar/2016:08:21:20 +0530] "GET /css/bootstrap.min.css HTTP/1.1" 200 121265
0:0:0:0:0:0:0:1 - - [20/Mar/2016:08:21:20 +0530] "GET /js/jquery-1.12.1.min.js HTTP/1.1" 200 97408
0:0:0:0:0:0:0:1 - - [20/Mar/2016:08:21:20 +0530] "GET /css/bootstrap-theme.min.css HTTP/1.1" 200 23414
0:0:0:0:0:0:0:1 - - [20/Mar/2016:08:21:20 +0530] "GET /js/pagevalue.js HTTP/1.1" 200 921
0:0:0:0:0:0:0:1 - - [20/Mar/2016:08:21:20 +0530] "GET /js/bootstrap.min.js HTTP/1.1" 200 36874
0:0:0:0:0:0:0:1 - - [20/Mar/2016:08:21:20 +0530] "GET /css/style.css HTTP/1.1" 404 128
0:0:0:0:0:0:0:1 - - [20/Mar/2016:08:21:20 +0530] "GET /map.png HTTP/1.1" 200 145368
0:0:0:0:0:0:0:1 - - [20/Mar/2016:08:21:22 +0530] "POST /getDistUserData HTTP/1.1" 200 3471
127.0.0.1 - - [20/Mar/2016:08:22:22 +0530] "GET /getDistrictData/KNL HTTP/1.1" 200 6685
127.0.0.1 - - [20/Mar/2016:08:22:22 +0530] "GET /css/bootstrap-theme.min.css HTTP/1.1" 200 23414
0:0:0:0:0:0:0:1 - - [20/Mar/2016:08:22:22 +0530] "GET /js/jquery-1.12.1.min.js HTTP/1.1" 200 97408
0:0:0:0:0:0:0:1 - - [20/Mar/2016:08:22:22 +0530] "GET /js/bootstrap.min.js HTTP/1.1" 200 36874
0:0:0:0:0:0:0:1 - - [20/Mar/2016:08:22:22 +0530] "GET /js/pagevalue.js HTTP/1.1" 200 921
127.0.0.1 - - [20/Mar/2016:08:22:23 +0530] "GET /css/style.css HTTP/1.1" 404 128
0:0:0:0:0:0:0:1 - - [20/Mar/2016:08:22:23 +0530] "GET /css/bootstrap.min.css HTTP/1.1" 200 121265
0:0:0:0:0:0:0:1 - - [20/Mar/2016:08:22:23 +0530] "GET /map.png HTTP/1.1" 200 145368
0:0:0:0:0:0:0:1 - - [20/Mar/2016:08:22:26 +0530] "POST /getDistUserData HTTP/1.1" 200 3466
0:0:0:0:0:0:0:1 - - [20/Mar/2016:08:23:29 +0530] "GET /getDistrictData/KNL HTTP/1.1" 200 6685
0:0:0:0:0:0:0:1 - - [20/Mar/2016:08:23:29 +0530] "GET /css/bootstrap-theme.min.css HTTP/1.1" 200 23414
0:0:0:0:0:0:0:1 - - [20/Mar/2016:08:23:29 +0530] "GET /js/jquery-1.12.1.min.js HTTP/1.1" 200 97408
0:0:0:0:0:0:0:1 - - [20/Mar/2016:08:23:29 +0530] "GET /js/bootstrap.min.js HTTP/1.1" 200 36874
0:0:0:0:0:0:0:1 - - [20/Mar/2016:08:23:29 +0530] "GET /css/style.css HTTP/1.1" 404 128
0:0:0:0:0:0:0:1 - - [20/Mar/2016:08:23:29 +0530] "GET /js/pagevalue.js HTTP/1.1" 200 921
0:0:0:0:0:0:0:1 - - [20/Mar/2016:08:23:29 +0530] "GET /css/bootstrap.min.css HTTP/1.1" 200 121265
0:0:0:0:0:0:0:1 - - [20/Mar/2016:08:23:29 +0530] "GET /map.png HTTP/1.1" 200 145368
0:0:0:0:0:0:0:1 - - [20/Mar/2016:08:23:31 +0530] "POST /getDistUserData HTTP/1.1" 200 3466
0:0:0:0:0:0:0:1 - - [20/Mar/2016:08:38:35 +0530] "POST /getDistUserData HTTP/1.1" 200 3466
0:0:0:0:0:0:0:1 - - [20/Mar/2016:08:39:27 +0530] "GET /getDistrictData/CTR HTTP/1.1" 200 6713
0:0:0:0:0:0:0:1 - - [20/Mar/2016:08:39:27 +0530] "GET /css/style.css HTTP/1.1" 404 128
0:0:0:0:0:0:0:1 - - [20/Mar/2016:08:39:27 +0530] "GET /map.png HTTP/1.1" 200 145368
0:0:0:0:0:0:0:1 - - [20/Mar/2016:08:39:27 +0530] "GET /css/bootstrap-theme.min.css HTTP/1.1" 200 23414
0:0:0:0:0:0:0:1 - - [20/Mar/2016:08:39:27 +0530] "GET /js/bootstrap.min.js HTTP/1.1" 200 36874
0:0:0:0:0:0:0:1 - - [20/Mar/2016:08:39:27 +0530] "GET /js/pagevalue.js HTTP/1.1" 200 921
0:0:0:0:0:0:0:1 - - [20/Mar/2016:08:39:27 +0530] "GET /css/bootstrap.min.css HTTP/1.1" 200 121265
0:0:0:0:0:0:0:1 - - [20/Mar/2016:08:39:28 +0530] "GET /js/jquery-1.12.1.min.js HTTP/1.1" 200 97408
0:0:0:0:0:0:0:1 - - [20/Mar/2016:08:39:29 +0530] "POST /getDistUserData HTTP/1.1" 200 3465
0:0:0:0:0:0:0:1 - - [20/Mar/2016:08:40:06 +0530] "GET /getDistrictData/ATP HTTP/1.1" 200 6655
0:0:0:0:0:0:0:1 - - [20/Mar/2016:08:40:06 +0530] "GET /css/bootstrap-theme.min.css HTTP/1.1" 200 23414
0:0:0:0:0:0:0:1 - - [20/Mar/2016:08:40:06 +0530] "GET /js/jquery-1.12.1.min.js HTTP/1.1" 200 97408
0:0:0:0:0:0:0:1 - - [20/Mar/2016:08:40:06 +0530] "GET /css/bootstrap.min.css HTTP/1.1" 200 121265
0:0:0:0:0:0:0:1 - - [20/Mar/2016:08:40:06 +0530] "GET /css/style.css HTTP/1.1" 404 128
0:0:0:0:0:0:0:1 - - [20/Mar/2016:08:40:06 +0530] "GET /js/pagevalue.js HTTP/1.1" 200 921
0:0:0:0:0:0:0:1 - - [20/Mar/2016:08:40:06 +0530] "GET /js/bootstrap.min.js HTTP/1.1" 200 36874
0:0:0:0:0:0:0:1 - - [20/Mar/2016:08:40:06 +0530] "GET /map.png HTTP/1.1" 200 145368
0:0:0:0:0:0:0:1 - - [20/Mar/2016:08:40:08 +0530] "POST /getDistUserData HTTP/1.1" 200 3470
0:0:0:0:0:0:0:1 - - [20/Mar/2016:08:41:25 +0530] "GET /getDistrictData/PKS HTTP/1.1" 200 6691
0:0:0:0:0:0:0:1 - - [20/Mar/2016:08:41:25 +0530] "GET /css/style.css HTTP/1.1" 404 128
0:0:0:0:0:0:0:1 - - [20/Mar/2016:08:41:25 +0530] "GET /css/bootstrap.min.css HTTP/1.1" 200 121265
0:0:0:0:0:0:0:1 - - [20/Mar/2016:08:41:25 +0530] "GET /css/bootstrap-theme.min.css HTTP/1.1" 200 23414
0:0:0:0:0:0:0:1 - - [20/Mar/2016:08:41:25 +0530] "GET /js/bootstrap.min.js HTTP/1.1" 200 36874
0:0:0:0:0:0:0:1 - - [20/Mar/2016:08:41:25 +0530] "GET /js/pagevalue.js HTTP/1.1" 200 921
0:0:0:0:0:0:0:1 - - [20/Mar/2016:08:41:25 +0530] "GET /js/jquery-1.12.1.min.js HTTP/1.1" 200 97408
0:0:0:0:0:0:0:1 - - [20/Mar/2016:08:41:25 +0530] "GET /map.png HTTP/1.1" 200 145368
0:0:0:0:0:0:0:1 - - [20/Mar/2016:08:41:26 +0530] "POST /getDistUserData HTTP/1.1" 200 3466
0:0:0:0:0:0:0:1 - - [20/Mar/2016:08:43:32 +0530] "GET /getDistrictData/KDP HTTP/1.1" 200 6755
0:0:0:0:0:0:0:1 - - [20/Mar/2016:08:43:32 +0530] "GET /css/bootstrap-theme.min.css HTTP/1.1" 200 23414
0:0:0:0:0:0:0:1 - - [20/Mar/2016:08:43:32 +0530] "GET /css/style.css HTTP/1.1" 404 128
0:0:0:0:0:0:0:1 - - [20/Mar/2016:08:43:32 +0530] "GET /css/bootstrap.min.css HTTP/1.1" 200 121265
0:0:0:0:0:0:0:1 - - [20/Mar/2016:08:43:32 +0530] "GET /js/pagevalue.js HTTP/1.1" 200 921
0:0:0:0:0:0:0:1 - - [20/Mar/2016:08:43:32 +0530] "GET /js/jquery-1.12.1.min.js HTTP/1.1" 200 97408
0:0:0:0:0:0:0:1 - - [20/Mar/2016:08:43:32 +0530] "GET /js/bootstrap.min.js HTTP/1.1" 200 36874
0:0:0:0:0:0:0:1 - - [20/Mar/2016:08:43:32 +0530] "GET /map.png HTTP/1.1" 200 145368
0:0:0:0:0:0:0:1 - - [20/Mar/2016:08:43:35 +0530] "POST /getDistUserData HTTP/1.1" 200 3464
0:0:0:0:0:0:0:1 - - [20/Mar/2016:08:45:41 +0530] "GET /getDistrictData/CTR HTTP/1.1" 200 6713
0:0:0:0:0:0:0:1 - - [20/Mar/2016:08:45:41 +0530] "GET /js/jquery-1.12.1.min.js HTTP/1.1" 200 97408
0:0:0:0:0:0:0:1 - - [20/Mar/2016:08:45:41 +0530] "GET /js/pagevalue.js HTTP/1.1" 200 921
0:0:0:0:0:0:0:1 - - [20/Mar/2016:08:45:41 +0530] "GET /js/bootstrap.min.js HTTP/1.1" 200 36874
0:0:0:0:0:0:0:1 - - [20/Mar/2016:08:45:41 +0530] "GET /css/bootstrap.min.css HTTP/1.1" 200 121265
0:0:0:0:0:0:0:1 - - [20/Mar/2016:08:45:41 +0530] "GET /css/bootstrap-theme.min.css HTTP/1.1" 200 23414
0:0:0:0:0:0:0:1 - - [20/Mar/2016:08:45:41 +0530] "GET /css/style.css HTTP/1.1" 404 128
0:0:0:0:0:0:0:1 - - [20/Mar/2016:08:45:41 +0530] "GET /map.png HTTP/1.1" 200 145368
0:0:0:0:0:0:0:1 - - [20/Mar/2016:08:45:43 +0530] "POST /getDistUserData HTTP/1.1" 200 10762
0:0:0:0:0:0:0:1 - - [20/Mar/2016:08:46:38 +0530] "GET /engineering HTTP/1.1" 200 7020
0:0:0:0:0:0:0:1 - - [20/Mar/2016:08:46:39 +0530] "GET /css/bootstrap.min.css HTTP/1.1" 200 121265
0:0:0:0:0:0:0:1 - - [20/Mar/2016:08:46:39 +0530] "GET /js/jquery-1.12.1.min.js HTTP/1.1" 200 97408
0:0:0:0:0:0:0:1 - - [20/Mar/2016:08:46:39 +0530] "GET /css/style.css HTTP/1.1" 404 128
0:0:0:0:0:0:0:1 - - [20/Mar/2016:08:46:39 +0530] "GET /css/bootstrap-theme.min.css HTTP/1.1" 200 23414
0:0:0:0:0:0:0:1 - - [20/Mar/2016:08:46:39 +0530] "GET /js/bootstrap.min.js HTTP/1.1" 200 36874
0:0:0:0:0:0:0:1 - - [20/Mar/2016:08:46:39 +0530] "GET /js/pagevalue.js HTTP/1.1" 200 921
0:0:0:0:0:0:0:1 - - [20/Mar/2016:08:47:21 +0530] "POST /getEngData HTTP/1.1" 200 9533
0:0:0:0:0:0:0:1 - - [20/Mar/2016:08:47:21 +0530] "GET /css/bootstrap-theme.min.css HTTP/1.1" 200 23414
0:0:0:0:0:0:0:1 - - [20/Mar/2016:08:47:21 +0530] "GET /css/bootstrap.min.css HTTP/1.1" 200 121265
0:0:0:0:0:0:0:1 - - [20/Mar/2016:08:47:21 +0530] "GET /js/pagevalue.js HTTP/1.1" 200 921
0:0:0:0:0:0:0:1 - - [20/Mar/2016:08:47:21 +0530] "GET /css/style.css HTTP/1.1" 404 128
0:0:0:0:0:0:0:1 - - [20/Mar/2016:08:47:21 +0530] "GET /js/jquery-1.12.1.min.js HTTP/1.1" 200 97408
0:0:0:0:0:0:0:1 - - [20/Mar/2016:08:47:21 +0530] "GET /js/bootstrap.min.js HTTP/1.1" 200 36874
0:0:0:0:0:0:0:1 - - [20/Mar/2016:08:47:24 +0530] "POST /getEngUserData HTTP/1.1" 200 4577
0:0:0:0:0:0:0:1 - - [20/Mar/2016:08:48:37 +0530] "POST /getEngData HTTP/1.1" 200 9533
0:0:0:0:0:0:0:1 - - [20/Mar/2016:08:48:37 +0530] "GET /css/bootstrap-theme.min.css HTTP/1.1" 200 23414
0:0:0:0:0:0:0:1 - - [20/Mar/2016:08:48:37 +0530] "GET /css/bootstrap.min.css HTTP/1.1" 200 121265
0:0:0:0:0:0:0:1 - - [20/Mar/2016:08:48:37 +0530] "GET /css/style.css HTTP/1.1" 404 128
0:0:0:0:0:0:0:1 - - [20/Mar/2016:08:48:37 +0530] "GET /js/pagevalue.js HTTP/1.1" 200 921
0:0:0:0:0:0:0:1 - - [20/Mar/2016:08:48:37 +0530] "GET /js/bootstrap.min.js HTTP/1.1" 200 36874
0:0:0:0:0:0:0:1 - - [20/Mar/2016:08:48:37 +0530] "GET /js/jquery-1.12.1.min.js HTTP/1.1" 200 97408
0:0:0:0:0:0:0:1 - - [20/Mar/2016:08:48:42 +0530] "POST /getEngUserData HTTP/1.1" 500 1480
0:0:0:0:0:0:0:1 - - [20/Mar/2016:08:48:43 +0530] "GET /css/bootstrap.min.css HTTP/1.1" 200 121265
0:0:0:0:0:0:0:1 - - [20/Mar/2016:08:48:43 +0530] "GET /css/bootstrap-theme.min.css HTTP/1.1" 200 23414
0:0:0:0:0:0:0:1 - - [20/Mar/2016:08:48:43 +0530] "GET /js/jquery-1.12.1.min.js HTTP/1.1" 200 97408
0:0:0:0:0:0:0:1 - - [20/Mar/2016:08:48:43 +0530] "GET /css/style.css HTTP/1.1" 404 128
0:0:0:0:0:0:0:1 - - [20/Mar/2016:08:48:43 +0530] "GET /js/bootstrap.min.js HTTP/1.1" 200 36874
0:0:0:0:0:0:0:1 - - [20/Mar/2016:08:48:43 +0530] "GET /js/pagevalue.js HTTP/1.1" 200 921
0:0:0:0:0:0:0:1 - - [20/Mar/2016:08:49:20 +0530] "GET /engineering HTTP/1.1" 200 7020
127.0.0.1 - - [20/Mar/2016:08:49:20 +0530] "GET /css/bootstrap-theme.min.css HTTP/1.1" 200 23414
0:0:0:0:0:0:0:1 - - [20/Mar/2016:08:49:20 +0530] "GET /css/bootstrap.min.css HTTP/1.1" 200 121265
0:0:0:0:0:0:0:1 - - [20/Mar/2016:08:49:20 +0530] "GET /css/style.css HTTP/1.1" 404 128
127.0.0.1 - - [20/Mar/2016:08:49:20 +0530] "GET /js/jquery-1.12.1.min.js HTTP/1.1" 200 97408
0:0:0:0:0:0:0:1 - - [20/Mar/2016:08:49:20 +0530] "GET /js/bootstrap.min.js HTTP/1.1" 200 36874
0:0:0:0:0:0:0:1 - - [20/Mar/2016:08:49:20 +0530] "GET /js/pagevalue.js HTTP/1.1" 200 921
0:0:0:0:0:0:0:1 - - [20/Mar/2016:08:49:28 +0530] "POST /getEngData HTTP/1.1" 200 9533
0:0:0:0:0:0:0:1 - - [20/Mar/2016:08:49:28 +0530] "GET /js/jquery-1.12.1.min.js HTTP/1.1" 200 97408
0:0:0:0:0:0:0:1 - - [20/Mar/2016:08:49:28 +0530] "GET /css/bootstrap.min.css HTTP/1.1" 200 121265
0:0:0:0:0:0:0:1 - - [20/Mar/2016:08:49:28 +0530] "GET /css/style.css HTTP/1.1" 404 128
127.0.0.1 - - [20/Mar/2016:08:49:28 +0530] "GET /css/bootstrap-theme.min.css HTTP/1.1" 200 23414
0:0:0:0:0:0:0:1 - - [20/Mar/2016:08:49:28 +0530] "GET /js/bootstrap.min.js HTTP/1.1" 200 36874
0:0:0:0:0:0:0:1 - - [20/Mar/2016:08:49:28 +0530] "GET /js/pagevalue.js HTTP/1.1" 200 921
0:0:0:0:0:0:0:1 - - [20/Mar/2016:08:49:31 +0530] "POST /getEngData HTTP/1.1" 200 9485
0:0:0:0:0:0:0:1 - - [20/Mar/2016:08:49:31 +0530] "GET /css/bootstrap-theme.min.css HTTP/1.1" 200 23414
0:0:0:0:0:0:0:1 - - [20/Mar/2016:08:49:31 +0530] "GET /js/jquery-1.12.1.min.js HTTP/1.1" 200 97408
0:0:0:0:0:0:0:1 - - [20/Mar/2016:08:49:31 +0530] "GET /js/bootstrap.min.js HTTP/1.1" 200 36874
127.0.0.1 - - [20/Mar/2016:08:49:31 +0530] "GET /css/bootstrap.min.css HTTP/1.1" 200 121265
0:0:0:0:0:0:0:1 - - [20/Mar/2016:08:49:31 +0530] "GET /css/style.css HTTP/1.1" 404 128
127.0.0.1 - - [20/Mar/2016:08:49:31 +0530] "GET /js/pagevalue.js HTTP/1.1" 200 921
127.0.0.1 - - [20/Mar/2016:08:49:35 +0530] "POST /getEngUserData HTTP/1.1" 200 20460
0:0:0:0:0:0:0:1 - - [20/Mar/2016:08:56:40 +0530] "GET /home HTTP/1.1" 200 4457
0:0:0:0:0:0:0:1 - - [20/Mar/2016:08:56:40 +0530] "GET /js/bootstrap.min.js HTTP/1.1" 200 36874
0:0:0:0:0:0:0:1 - - [20/Mar/2016:08:56:40 +0530] "GET /css/bootstrap-theme.min.css HTTP/1.1" 200 23414
0:0:0:0:0:0:0:1 - - [20/Mar/2016:08:56:40 +0530] "GET /js/pagevalue.js HTTP/1.1" 200 921
0:0:0:0:0:0:0:1 - - [20/Mar/2016:08:56:40 +0530] "GET /css/bootstrap.min.css HTTP/1.1" 200 121265
0:0:0:0:0:0:0:1 - - [20/Mar/2016:08:56:40 +0530] "GET /js/jquery-1.12.1.min.js HTTP/1.1" 200 97408
0:0:0:0:0:0:0:1 - - [20/Mar/2016:08:56:40 +0530] "GET /map.png HTTP/1.1" 200 145368
0:0:0:0:0:0:0:1 - - [20/Mar/2016:08:56:40 +0530] "GET /css/style.css HTTP/1.1" 404 128
0:0:0:0:0:0:0:1 - - [20/Mar/2016:08:56:42 +0530] "GET /getDistrictData/GTR HTTP/1.1" 200 6702
0:0:0:0:0:0:0:1 - - [20/Mar/2016:08:56:42 +0530] "GET /css/bootstrap-theme.min.css HTTP/1.1" 200 23414
0:0:0:0:0:0:0:1 - - [20/Mar/2016:08:56:42 +0530] "GET /css/bootstrap.min.css HTTP/1.1" 200 121265
0:0:0:0:0:0:0:1 - - [20/Mar/2016:08:56:42 +0530] "GET /js/bootstrap.min.js HTTP/1.1" 200 36874
0:0:0:0:0:0:0:1 - - [20/Mar/2016:08:56:42 +0530] "GET /js/pagevalue.js HTTP/1.1" 200 921
0:0:0:0:0:0:0:1 - - [20/Mar/2016:08:56:42 +0530] "GET /js/jquery-1.12.1.min.js HTTP/1.1" 200 97408
0:0:0:0:0:0:0:1 - - [20/Mar/2016:08:56:42 +0530] "GET /css/style.css HTTP/1.1" 404 128
0:0:0:0:0:0:0:1 - - [20/Mar/2016:08:56:42 +0530] "GET /map.png HTTP/1.1" 200 145368
0:0:0:0:0:0:0:1 - - [20/Mar/2016:08:56:44 +0530] "POST /getDistUserData HTTP/1.1" 200 3485
0:0:0:0:0:0:0:1 - - [20/Mar/2016:08:57:56 +0530] "GET /getDistrictData/CTR HTTP/1.1" 200 6713
0:0:0:0:0:0:0:1 - - [20/Mar/2016:08:57:56 +0530] "GET /css/bootstrap-theme.min.css HTTP/1.1" 200 23414
0:0:0:0:0:0:0:1 - - [20/Mar/2016:08:57:56 +0530] "GET /js/bootstrap.min.js HTTP/1.1" 200 36874
0:0:0:0:0:0:0:1 - - [20/Mar/2016:08:57:56 +0530] "GET /css/style.css HTTP/1.1" 404 128
0:0:0:0:0:0:0:1 - - [20/Mar/2016:08:57:56 +0530] "GET /js/jquery-1.12.1.min.js HTTP/1.1" 200 97408
0:0:0:0:0:0:0:1 - - [20/Mar/2016:08:57:56 +0530] "GET /js/pagevalue.js HTTP/1.1" 200 921
0:0:0:0:0:0:0:1 - - [20/Mar/2016:08:57:56 +0530] "GET /css/bootstrap.min.css HTTP/1.1" 200 121265
0:0:0:0:0:0:0:1 - - [20/Mar/2016:08:57:56 +0530] "GET /map.png HTTP/1.1" 200 145368
0:0:0:0:0:0:0:1 - - [20/Mar/2016:08:57:58 +0530] "POST /getDistUserData HTTP/1.1" 200 10763
0:0:0:0:0:0:0:1 - - [20/Mar/2016:08:59:13 +0530] "GET /getDistrictData/ATP HTTP/1.1" 200 6655
0:0:0:0:0:0:0:1 - - [20/Mar/2016:08:59:14 +0530] "GET /css/bootstrap.min.css HTTP/1.1" 200 121265
0:0:0:0:0:0:0:1 - - [20/Mar/2016:08:59:14 +0530] "GET /css/bootstrap-theme.min.css HTTP/1.1" 200 23414
0:0:0:0:0:0:0:1 - - [20/Mar/2016:08:59:14 +0530] "GET /css/style.css HTTP/1.1" 404 128
0:0:0:0:0:0:0:1 - - [20/Mar/2016:08:59:14 +0530] "GET /js/pagevalue.js HTTP/1.1" 200 921
0:0:0:0:0:0:0:1 - - [20/Mar/2016:08:59:14 +0530] "GET /js/jquery-1.12.1.min.js HTTP/1.1" 200 97408
0:0:0:0:0:0:0:1 - - [20/Mar/2016:08:59:14 +0530] "GET /js/bootstrap.min.js HTTP/1.1" 200 36874
0:0:0:0:0:0:0:1 - - [20/Mar/2016:08:59:14 +0530] "GET /map.png HTTP/1.1" 200 145368
0:0:0:0:0:0:0:1 - - [20/Mar/2016:08:59:16 +0530] "POST /getDistUserData HTTP/1.1" 200 6720
0:0:0:0:0:0:0:1 - - [20/Mar/2016:09:00:16 +0530] "GET /engineering HTTP/1.1" 200 7020
0:0:0:0:0:0:0:1 - - [20/Mar/2016:09:00:16 +0530] "GET /css/style.css HTTP/1.1" 404 128
0:0:0:0:0:0:0:1 - - [20/Mar/2016:09:00:16 +0530] "GET /css/bootstrap-theme.min.css HTTP/1.1" 200 23414
0:0:0:0:0:0:0:1 - - [20/Mar/2016:09:00:16 +0530] "GET /js/jquery-1.12.1.min.js HTTP/1.1" 200 97408
0:0:0:0:0:0:0:1 - - [20/Mar/2016:09:00:16 +0530] "GET /js/bootstrap.min.js HTTP/1.1" 200 36874
0:0:0:0:0:0:0:1 - - [20/Mar/2016:09:00:16 +0530] "GET /css/bootstrap.min.css HTTP/1.1" 200 121265
0:0:0:0:0:0:0:1 - - [20/Mar/2016:09:00:16 +0530] "GET /js/pagevalue.js HTTP/1.1" 200 921
0:0:0:0:0:0:0:1 - - [20/Mar/2016:09:00:17 +0530] "GET /agricultural HTTP/1.1" 200 -
0:0:0:0:0:0:0:1 - - [20/Mar/2016:09:00:17 +0530] "GET /medical HTTP/1.1" 200 5085
0:0:0:0:0:0:0:1 - - [20/Mar/2016:09:00:17 +0530] "GET /css/bootstrap-theme.min.css HTTP/1.1" 200 23414
0:0:0:0:0:0:0:1 - - [20/Mar/2016:09:00:17 +0530] "GET /css/bootstrap.min.css HTTP/1.1" 200 121265
0:0:0:0:0:0:0:1 - - [20/Mar/2016:09:00:17 +0530] "GET /css/style.css HTTP/1.1" 404 128
0:0:0:0:0:0:0:1 - - [20/Mar/2016:09:00:17 +0530] "GET /js/jquery-1.12.1.min.js HTTP/1.1" 200 97408
0:0:0:0:0:0:0:1 - - [20/Mar/2016:09:00:17 +0530] "GET /js/bootstrap.min.js HTTP/1.1" 200 36874
0:0:0:0:0:0:0:1 - - [20/Mar/2016:09:00:17 +0530] "GET /js/pagevalue.js HTTP/1.1" 200 921
0:0:0:0:0:0:0:1 - - [20/Mar/2016:09:00:33 +0530] "GET /home HTTP/1.1" 200 4457
0:0:0:0:0:0:0:1 - - [20/Mar/2016:09:00:33 +0530] "GET /css/style.css HTTP/1.1" 404 128
0:0:0:0:0:0:0:1 - - [20/Mar/2016:09:00:33 +0530] "GET /js/jquery-1.12.1.min.js HTTP/1.1" 200 97408
0:0:0:0:0:0:0:1 - - [20/Mar/2016:09:00:33 +0530] "GET /css/bootstrap-theme.min.css HTTP/1.1" 200 23414
0:0:0:0:0:0:0:1 - - [20/Mar/2016:09:00:33 +0530] "GET /css/bootstrap.min.css HTTP/1.1" 200 121265
0:0:0:0:0:0:0:1 - - [20/Mar/2016:09:00:33 +0530] "GET /js/bootstrap.min.js HTTP/1.1" 200 36874
0:0:0:0:0:0:0:1 - - [20/Mar/2016:09:00:33 +0530] "GET /js/pagevalue.js HTTP/1.1" 200 921
0:0:0:0:0:0:0:1 - - [20/Mar/2016:09:00:33 +0530] "GET /map.png HTTP/1.1" 200 145368
0:0:0:0:0:0:0:1 - - [20/Mar/2016:09:00:35 +0530] "GET /engineering HTTP/1.1" 200 7020
0:0:0:0:0:0:0:1 - - [20/Mar/2016:09:00:35 +0530] "GET /css/bootstrap-theme.min.css HTTP/1.1" 200 23414
0:0:0:0:0:0:0:1 - - [20/Mar/2016:09:00:35 +0530] "GET /css/style.css HTTP/1.1" 404 128
0:0:0:0:0:0:0:1 - - [20/Mar/2016:09:00:35 +0530] "GET /css/bootstrap.min.css HTTP/1.1" 200 121265
0:0:0:0:0:0:0:1 - - [20/Mar/2016:09:00:35 +0530] "GET /js/jquery-1.12.1.min.js HTTP/1.1" 200 97408
0:0:0:0:0:0:0:1 - - [20/Mar/2016:09:00:35 +0530] "GET /js/bootstrap.min.js HTTP/1.1" 200 36874
0:0:0:0:0:0:0:1 - - [20/Mar/2016:09:00:35 +0530] "GET /js/pagevalue.js HTTP/1.1" 200 921
0:0:0:0:0:0:0:1 - - [20/Mar/2016:09:00:42 +0530] "POST /getEngData HTTP/1.1" 200 9491
0:0:0:0:0:0:0:1 - - [20/Mar/2016:09:00:42 +0530] "GET /css/bootstrap-theme.min.css HTTP/1.1" 200 23414
0:0:0:0:0:0:0:1 - - [20/Mar/2016:09:00:42 +0530] "GET /css/style.css HTTP/1.1" 404 128
0:0:0:0:0:0:0:1 - - [20/Mar/2016:09:00:42 +0530] "GET /css/bootstrap.min.css HTTP/1.1" 200 121265
0:0:0:0:0:0:0:1 - - [20/Mar/2016:09:00:42 +0530] "GET /js/jquery-1.12.1.min.js HTTP/1.1" 200 97408
0:0:0:0:0:0:0:1 - - [20/Mar/2016:09:00:42 +0530] "GET /js/bootstrap.min.js HTTP/1.1" 200 36874
0:0:0:0:0:0:0:1 - - [20/Mar/2016:09:00:42 +0530] "GET /js/pagevalue.js HTTP/1.1" 200 921
