0:0:0:0:0:0:0:1 - - [16/Mar/2016:20:28:26 +0530] "GET / HTTP/1.1" 200 4457
0:0:0:0:0:0:0:1 - - [16/Mar/2016:20:28:26 +0530] "GET /css/bootstrap-theme.min.css HTTP/1.1" 200 23414
0:0:0:0:0:0:0:1 - - [16/Mar/2016:20:28:26 +0530] "GET /css/bootstrap.min.css HTTP/1.1" 200 121265
0:0:0:0:0:0:0:1 - - [16/Mar/2016:20:28:26 +0530] "GET /js/jquery-1.12.1.min.js HTTP/1.1" 200 97408
0:0:0:0:0:0:0:1 - - [16/Mar/2016:20:28:26 +0530] "GET /js/bootstrap.min.js HTTP/1.1" 200 36874
0:0:0:0:0:0:0:1 - - [16/Mar/2016:20:28:26 +0530] "GET /js/pagevalue.js HTTP/1.1" 200 921
0:0:0:0:0:0:0:1 - - [16/Mar/2016:20:28:26 +0530] "GET /map.png HTTP/1.1" 200 145368
0:0:0:0:0:0:0:1 - - [16/Mar/2016:20:28:26 +0530] "GET /css/style.css HTTP/1.1" 404 128
0:0:0:0:0:0:0:1 - - [16/Mar/2016:20:28:27 +0530] "GET /favicon.ico HTTP/1.1" 200 946
0:0:0:0:0:0:0:1 - - [16/Mar/2016:20:28:32 +0530] "GET /getDistrictData/KNL HTTP/1.1" 200 6695
0:0:0:0:0:0:0:1 - - [16/Mar/2016:20:28:32 +0530] "GET /css/bootstrap-theme.min.css HTTP/1.1" 200 23414
0:0:0:0:0:0:0:1 - - [16/Mar/2016:20:28:32 +0530] "GET /css/bootstrap.min.css HTTP/1.1" 200 121265
0:0:0:0:0:0:0:1 - - [16/Mar/2016:20:28:32 +0530] "GET /js/bootstrap.min.js HTTP/1.1" 200 36874
0:0:0:0:0:0:0:1 - - [16/Mar/2016:20:28:33 +0530] "GET /js/pagevalue.js HTTP/1.1" 200 921
0:0:0:0:0:0:0:1 - - [16/Mar/2016:20:28:33 +0530] "GET /css/style.css HTTP/1.1" 404 128
0:0:0:0:0:0:0:1 - - [16/Mar/2016:20:28:33 +0530] "GET /js/jquery-1.12.1.min.js HTTP/1.1" 200 97408
0:0:0:0:0:0:0:1 - - [16/Mar/2016:20:28:33 +0530] "GET /map.png HTTP/1.1" 200 145368
0:0:0:0:0:0:0:1 - - [16/Mar/2016:20:28:40 +0530] "GET /getDistrictData/KRI HTTP/1.1" 200 6742
0:0:0:0:0:0:0:1 - - [16/Mar/2016:20:28:40 +0530] "GET /css/bootstrap-theme.min.css HTTP/1.1" 200 23414
0:0:0:0:0:0:0:1 - - [16/Mar/2016:20:28:40 +0530] "GET /css/bootstrap.min.css HTTP/1.1" 200 121265
0:0:0:0:0:0:0:1 - - [16/Mar/2016:20:28:40 +0530] "GET /css/style.css HTTP/1.1" 404 128
0:0:0:0:0:0:0:1 - - [16/Mar/2016:20:28:40 +0530] "GET /js/jquery-1.12.1.min.js HTTP/1.1" 200 97408
0:0:0:0:0:0:0:1 - - [16/Mar/2016:20:28:40 +0530] "GET /js/bootstrap.min.js HTTP/1.1" 200 36874
0:0:0:0:0:0:0:1 - - [16/Mar/2016:20:28:40 +0530] "GET /js/pagevalue.js HTTP/1.1" 200 921
0:0:0:0:0:0:0:1 - - [16/Mar/2016:20:28:40 +0530] "GET /map.png HTTP/1.1" 200 145368
0:0:0:0:0:0:0:1 - - [16/Mar/2016:20:28:47 +0530] "GET /getDistrictData/KDP HTTP/1.1" 200 6690
0:0:0:0:0:0:0:1 - - [16/Mar/2016:20:28:47 +0530] "GET /css/bootstrap-theme.min.css HTTP/1.1" 200 23414
0:0:0:0:0:0:0:1 - - [16/Mar/2016:20:28:47 +0530] "GET /css/bootstrap.min.css HTTP/1.1" 200 121265
0:0:0:0:0:0:0:1 - - [16/Mar/2016:20:28:47 +0530] "GET /css/style.css HTTP/1.1" 404 128
0:0:0:0:0:0:0:1 - - [16/Mar/2016:20:28:47 +0530] "GET /js/bootstrap.min.js HTTP/1.1" 200 36874
0:0:0:0:0:0:0:1 - - [16/Mar/2016:20:28:47 +0530] "GET /js/jquery-1.12.1.min.js HTTP/1.1" 200 97408
0:0:0:0:0:0:0:1 - - [16/Mar/2016:20:28:47 +0530] "GET /js/pagevalue.js HTTP/1.1" 200 921
0:0:0:0:0:0:0:1 - - [16/Mar/2016:20:28:47 +0530] "GET /map.png HTTP/1.1" 200 145368
0:0:0:0:0:0:0:1 - - [16/Mar/2016:20:28:49 +0530] "GET /getDistrictData/ATP HTTP/1.1" 200 6673
0:0:0:0:0:0:0:1 - - [16/Mar/2016:20:28:49 +0530] "GET /css/bootstrap-theme.min.css HTTP/1.1" 200 23414
0:0:0:0:0:0:0:1 - - [16/Mar/2016:20:28:49 +0530] "GET /css/style.css HTTP/1.1" 404 128
0:0:0:0:0:0:0:1 - - [16/Mar/2016:20:28:49 +0530] "GET /css/bootstrap.min.css HTTP/1.1" 200 121265
0:0:0:0:0:0:0:1 - - [16/Mar/2016:20:28:49 +0530] "GET /js/bootstrap.min.js HTTP/1.1" 200 36874
0:0:0:0:0:0:0:1 - - [16/Mar/2016:20:28:49 +0530] "GET /js/jquery-1.12.1.min.js HTTP/1.1" 200 97408
0:0:0:0:0:0:0:1 - - [16/Mar/2016:20:28:49 +0530] "GET /js/pagevalue.js HTTP/1.1" 200 921
0:0:0:0:0:0:0:1 - - [16/Mar/2016:20:28:49 +0530] "GET /map.png HTTP/1.1" 200 145368
0:0:0:0:0:0:0:1 - - [16/Mar/2016:20:28:53 +0530] "GET /getDistrictData/CTR HTTP/1.1" 200 6690
0:0:0:0:0:0:0:1 - - [16/Mar/2016:20:28:53 +0530] "GET /css/bootstrap-theme.min.css HTTP/1.1" 200 23414
0:0:0:0:0:0:0:1 - - [16/Mar/2016:20:28:53 +0530] "GET /css/bootstrap.min.css HTTP/1.1" 200 121265
0:0:0:0:0:0:0:1 - - [16/Mar/2016:20:28:53 +0530] "GET /css/style.css HTTP/1.1" 404 128
0:0:0:0:0:0:0:1 - - [16/Mar/2016:20:28:53 +0530] "GET /js/bootstrap.min.js HTTP/1.1" 200 36874
0:0:0:0:0:0:0:1 - - [16/Mar/2016:20:28:53 +0530] "GET /js/jquery-1.12.1.min.js HTTP/1.1" 200 97408
0:0:0:0:0:0:0:1 - - [16/Mar/2016:20:28:53 +0530] "GET /js/pagevalue.js HTTP/1.1" 200 921
0:0:0:0:0:0:0:1 - - [16/Mar/2016:20:28:53 +0530] "GET /map.png HTTP/1.1" 200 145368
0:0:0:0:0:0:0:1 - - [16/Mar/2016:20:29:05 +0530] "GET /getDistrictData/ATP HTTP/1.1" 200 6673
0:0:0:0:0:0:0:1 - - [16/Mar/2016:20:29:05 +0530] "GET /css/bootstrap-theme.min.css HTTP/1.1" 200 23414
0:0:0:0:0:0:0:1 - - [16/Mar/2016:20:29:05 +0530] "GET /css/bootstrap.min.css HTTP/1.1" 200 121265
0:0:0:0:0:0:0:1 - - [16/Mar/2016:20:29:05 +0530] "GET /css/style.css HTTP/1.1" 404 128
0:0:0:0:0:0:0:1 - - [16/Mar/2016:20:29:05 +0530] "GET /js/bootstrap.min.js HTTP/1.1" 200 36874
0:0:0:0:0:0:0:1 - - [16/Mar/2016:20:29:05 +0530] "GET /js/jquery-1.12.1.min.js HTTP/1.1" 200 97408
0:0:0:0:0:0:0:1 - - [16/Mar/2016:20:29:05 +0530] "GET /js/pagevalue.js HTTP/1.1" 200 921
0:0:0:0:0:0:0:1 - - [16/Mar/2016:20:29:05 +0530] "GET /map.png HTTP/1.1" 200 145368
0:0:0:0:0:0:0:1 - - [16/Mar/2016:20:29:07 +0530] "GET /getDistrictData/KDP HTTP/1.1" 200 6690
0:0:0:0:0:0:0:1 - - [16/Mar/2016:20:29:07 +0530] "GET /css/bootstrap-theme.min.css HTTP/1.1" 200 23414
0:0:0:0:0:0:0:1 - - [16/Mar/2016:20:29:07 +0530] "GET /css/style.css HTTP/1.1" 404 128
0:0:0:0:0:0:0:1 - - [16/Mar/2016:20:29:07 +0530] "GET /css/bootstrap.min.css HTTP/1.1" 200 121265
0:0:0:0:0:0:0:1 - - [16/Mar/2016:20:29:07 +0530] "GET /js/pagevalue.js HTTP/1.1" 200 921
0:0:0:0:0:0:0:1 - - [16/Mar/2016:20:29:07 +0530] "GET /js/bootstrap.min.js HTTP/1.1" 200 36874
0:0:0:0:0:0:0:1 - - [16/Mar/2016:20:29:07 +0530] "GET /map.png HTTP/1.1" 200 145368
0:0:0:0:0:0:0:1 - - [16/Mar/2016:20:29:07 +0530] "GET /js/jquery-1.12.1.min.js HTTP/1.1" 200 97408
0:0:0:0:0:0:0:1 - - [16/Mar/2016:20:29:07 +0530] "GET /getDistrictData/NLR HTTP/1.1" 200 6573
0:0:0:0:0:0:0:1 - - [16/Mar/2016:20:29:08 +0530] "GET /css/bootstrap-theme.min.css HTTP/1.1" 200 23414
0:0:0:0:0:0:0:1 - - [16/Mar/2016:20:29:08 +0530] "GET /css/bootstrap.min.css HTTP/1.1" 200 121265
0:0:0:0:0:0:0:1 - - [16/Mar/2016:20:29:08 +0530] "GET /js/jquery-1.12.1.min.js HTTP/1.1" 200 97408
0:0:0:0:0:0:0:1 - - [16/Mar/2016:20:29:08 +0530] "GET /css/style.css HTTP/1.1" 404 128
0:0:0:0:0:0:0:1 - - [16/Mar/2016:20:29:08 +0530] "GET /js/pagevalue.js HTTP/1.1" 200 921
0:0:0:0:0:0:0:1 - - [16/Mar/2016:20:29:08 +0530] "GET /map.png HTTP/1.1" 200 145368
0:0:0:0:0:0:0:1 - - [16/Mar/2016:20:29:08 +0530] "GET /js/bootstrap.min.js HTTP/1.1" 200 36874
0:0:0:0:0:0:0:1 - - [16/Mar/2016:20:29:08 +0530] "GET /getDistrictData/PKS HTTP/1.1" 200 6659
0:0:0:0:0:0:0:1 - - [16/Mar/2016:20:29:08 +0530] "GET /css/bootstrap-theme.min.css HTTP/1.1" 200 23414
0:0:0:0:0:0:0:1 - - [16/Mar/2016:20:29:08 +0530] "GET /css/style.css HTTP/1.1" 404 128
0:0:0:0:0:0:0:1 - - [16/Mar/2016:20:29:08 +0530] "GET /css/bootstrap.min.css HTTP/1.1" 200 121265
0:0:0:0:0:0:0:1 - - [16/Mar/2016:20:29:08 +0530] "GET /js/jquery-1.12.1.min.js HTTP/1.1" 200 97408
0:0:0:0:0:0:0:1 - - [16/Mar/2016:20:29:08 +0530] "GET /js/pagevalue.js HTTP/1.1" 200 921
0:0:0:0:0:0:0:1 - - [16/Mar/2016:20:29:08 +0530] "GET /js/bootstrap.min.js HTTP/1.1" 200 36874
0:0:0:0:0:0:0:1 - - [16/Mar/2016:20:29:08 +0530] "GET /map.png HTTP/1.1" 200 145368
0:0:0:0:0:0:0:1 - - [16/Mar/2016:20:29:09 +0530] "GET /getDistrictData/GTR HTTP/1.1" 200 6740
0:0:0:0:0:0:0:1 - - [16/Mar/2016:20:29:09 +0530] "GET /css/bootstrap-theme.min.css HTTP/1.1" 200 23414
0:0:0:0:0:0:0:1 - - [16/Mar/2016:20:29:09 +0530] "GET /css/bootstrap.min.css HTTP/1.1" 200 121265
0:0:0:0:0:0:0:1 - - [16/Mar/2016:20:29:09 +0530] "GET /css/style.css HTTP/1.1" 404 128
0:0:0:0:0:0:0:1 - - [16/Mar/2016:20:29:09 +0530] "GET /js/jquery-1.12.1.min.js HTTP/1.1" 200 97408
0:0:0:0:0:0:0:1 - - [16/Mar/2016:20:29:09 +0530] "GET /js/bootstrap.min.js HTTP/1.1" 200 36874
0:0:0:0:0:0:0:1 - - [16/Mar/2016:20:29:09 +0530] "GET /js/pagevalue.js HTTP/1.1" 200 921
0:0:0:0:0:0:0:1 - - [16/Mar/2016:20:29:09 +0530] "GET /map.png HTTP/1.1" 200 145368
0:0:0:0:0:0:0:1 - - [16/Mar/2016:20:29:10 +0530] "GET /getDistrictData/KRI HTTP/1.1" 200 6742
0:0:0:0:0:0:0:1 - - [16/Mar/2016:20:29:10 +0530] "GET /css/bootstrap.min.css HTTP/1.1" 200 121265
0:0:0:0:0:0:0:1 - - [16/Mar/2016:20:29:10 +0530] "GET /css/style.css HTTP/1.1" 404 128
0:0:0:0:0:0:0:1 - - [16/Mar/2016:20:29:10 +0530] "GET /css/bootstrap-theme.min.css HTTP/1.1" 200 23414
0:0:0:0:0:0:0:1 - - [16/Mar/2016:20:29:10 +0530] "GET /js/jquery-1.12.1.min.js HTTP/1.1" 200 97408
0:0:0:0:0:0:0:1 - - [16/Mar/2016:20:29:10 +0530] "GET /js/bootstrap.min.js HTTP/1.1" 200 36874
0:0:0:0:0:0:0:1 - - [16/Mar/2016:20:29:10 +0530] "GET /js/pagevalue.js HTTP/1.1" 200 921
0:0:0:0:0:0:0:1 - - [16/Mar/2016:20:29:10 +0530] "GET /map.png HTTP/1.1" 200 145368
0:0:0:0:0:0:0:1 - - [16/Mar/2016:20:29:11 +0530] "GET /getDistrictData/WG HTTP/1.1" 200 6721
0:0:0:0:0:0:0:1 - - [16/Mar/2016:20:29:11 +0530] "GET /css/bootstrap-theme.min.css HTTP/1.1" 200 23414
0:0:0:0:0:0:0:1 - - [16/Mar/2016:20:29:11 +0530] "GET /css/style.css HTTP/1.1" 404 128
0:0:0:0:0:0:0:1 - - [16/Mar/2016:20:29:11 +0530] "GET /css/bootstrap.min.css HTTP/1.1" 200 121265
0:0:0:0:0:0:0:1 - - [16/Mar/2016:20:29:11 +0530] "GET /js/jquery-1.12.1.min.js HTTP/1.1" 200 97408
0:0:0:0:0:0:0:1 - - [16/Mar/2016:20:29:11 +0530] "GET /js/bootstrap.min.js HTTP/1.1" 200 36874
0:0:0:0:0:0:0:1 - - [16/Mar/2016:20:29:11 +0530] "GET /js/pagevalue.js HTTP/1.1" 200 921
0:0:0:0:0:0:0:1 - - [16/Mar/2016:20:29:11 +0530] "GET /map.png HTTP/1.1" 200 145368
0:0:0:0:0:0:0:1 - - [16/Mar/2016:20:29:12 +0530] "GET /getDistrictData/EG HTTP/1.1" 200 6590
0:0:0:0:0:0:0:1 - - [16/Mar/2016:20:29:12 +0530] "GET /css/bootstrap-theme.min.css HTTP/1.1" 200 23414
0:0:0:0:0:0:0:1 - - [16/Mar/2016:20:29:12 +0530] "GET /css/style.css HTTP/1.1" 404 128
0:0:0:0:0:0:0:1 - - [16/Mar/2016:20:29:12 +0530] "GET /js/pagevalue.js HTTP/1.1" 200 921
0:0:0:0:0:0:0:1 - - [16/Mar/2016:20:29:12 +0530] "GET /css/bootstrap.min.css HTTP/1.1" 200 121265
0:0:0:0:0:0:0:1 - - [16/Mar/2016:20:29:12 +0530] "GET /js/bootstrap.min.js HTTP/1.1" 200 36874
0:0:0:0:0:0:0:1 - - [16/Mar/2016:20:29:12 +0530] "GET /js/jquery-1.12.1.min.js HTTP/1.1" 200 97408
0:0:0:0:0:0:0:1 - - [16/Mar/2016:20:29:12 +0530] "GET /map.png HTTP/1.1" 200 145368
0:0:0:0:0:0:0:1 - - [16/Mar/2016:20:29:13 +0530] "GET /getDistrictData/VSP HTTP/1.1" 200 6801
0:0:0:0:0:0:0:1 - - [16/Mar/2016:20:29:13 +0530] "GET /css/bootstrap-theme.min.css HTTP/1.1" 200 23414
0:0:0:0:0:0:0:1 - - [16/Mar/2016:20:29:13 +0530] "GET /css/style.css HTTP/1.1" 404 128
0:0:0:0:0:0:0:1 - - [16/Mar/2016:20:29:13 +0530] "GET /css/bootstrap.min.css HTTP/1.1" 200 121265
0:0:0:0:0:0:0:1 - - [16/Mar/2016:20:29:13 +0530] "GET /js/jquery-1.12.1.min.js HTTP/1.1" 200 97408
0:0:0:0:0:0:0:1 - - [16/Mar/2016:20:29:13 +0530] "GET /js/bootstrap.min.js HTTP/1.1" 200 36874
0:0:0:0:0:0:0:1 - - [16/Mar/2016:20:29:13 +0530] "GET /js/pagevalue.js HTTP/1.1" 200 921
0:0:0:0:0:0:0:1 - - [16/Mar/2016:20:29:13 +0530] "GET /map.png HTTP/1.1" 200 145368
0:0:0:0:0:0:0:1 - - [16/Mar/2016:20:29:14 +0530] "GET /getDistrictData/VZM HTTP/1.1" 200 6768
0:0:0:0:0:0:0:1 - - [16/Mar/2016:20:29:14 +0530] "GET /css/bootstrap-theme.min.css HTTP/1.1" 200 23414
0:0:0:0:0:0:0:1 - - [16/Mar/2016:20:29:14 +0530] "GET /css/bootstrap.min.css HTTP/1.1" 200 121265
0:0:0:0:0:0:0:1 - - [16/Mar/2016:20:29:14 +0530] "GET /css/style.css HTTP/1.1" 404 128
0:0:0:0:0:0:0:1 - - [16/Mar/2016:20:29:14 +0530] "GET /js/jquery-1.12.1.min.js HTTP/1.1" 200 97408
0:0:0:0:0:0:0:1 - - [16/Mar/2016:20:29:14 +0530] "GET /js/pagevalue.js HTTP/1.1" 200 921
0:0:0:0:0:0:0:1 - - [16/Mar/2016:20:29:14 +0530] "GET /js/bootstrap.min.js HTTP/1.1" 200 36874
0:0:0:0:0:0:0:1 - - [16/Mar/2016:20:29:14 +0530] "GET /map.png HTTP/1.1" 200 145368
